2022-06-03 20:16:07,138 - logger.py - getLog - INFO - username:13026574123
2022-06-03 20:16:07,138 - logger.py - getLog - INFO - password:qwert12345
2022-06-03 20:16:07,138 - logger.py - getLog - INFO - code:yyds
2022-06-03 20:16:07,138 - logger.py - getLog - INFO - Actual:账号不存在!
2022-06-03 20:16:07,138 - logger.py - getLog - INFO - Expected:账号不存在!
2022-06-03 20:16:07,138 - logger.py - getLog - INFO - Element:None
2022-06-03 20:16:07,138 - logger.py - getLog - INFO - -----------------------------------分割线-------------------------------------------
2022-06-03 20:16:07,565 - logger.py - getLog - INFO - username:
2022-06-03 20:16:07,579 - logger.py - getLog - INFO - password:qwert12345
2022-06-03 20:16:07,580 - logger.py - getLog - INFO - code:yyds
2022-06-03 20:16:07,581 - logger.py - getLog - INFO - Actual:用户名不能为空!
2022-06-03 20:16:07,581 - logger.py - getLog - INFO - Expected:用户名不能为空!
2022-06-03 20:16:07,582 - logger.py - getLog - INFO - Element:None
2022-06-03 20:16:07,582 - logger.py - getLog - INFO - -----------------------------------分割线-------------------------------------------
2022-06-03 20:16:07,943 - logger.py - getLog - INFO - username:13026574581123
2022-06-03 20:16:07,943 - logger.py - getLog - INFO - password:qwert12345
2022-06-03 20:16:07,943 - logger.py - getLog - INFO - code:yyds
2022-06-03 20:16:07,943 - logger.py - getLog - INFO - Actual:账号格式不匹配!
2022-06-03 20:16:07,943 - logger.py - getLog - INFO - Expected:账号格式不匹配!
2022-06-03 20:16:07,943 - logger.py - getLog - INFO - Element:None
2022-06-03 20:16:07,943 - logger.py - getLog - INFO - -----------------------------------分割线-------------------------------------------
2022-06-03 20:16:08,425 - logger.py - getLog - INFO - username:13026574581
2022-06-03 20:16:08,425 - logger.py - getLog - INFO - password:qwert14534
2022-06-03 20:16:08,425 - logger.py - getLog - INFO - code:yyds
2022-06-03 20:16:08,425 - logger.py - getLog - INFO - Actual:密码错误!
2022-06-03 20:16:08,425 - logger.py - getLog - INFO - Expected:密码错误!
2022-06-03 20:16:08,425 - logger.py - getLog - INFO - Element:None
2022-06-03 20:16:08,425 - logger.py - getLog - INFO - -----------------------------------分割线-------------------------------------------
2022-06-03 20:16:08,785 - logger.py - getLog - INFO - username:13026574581
2022-06-03 20:16:08,786 - logger.py - getLog - INFO - password:
2022-06-03 20:16:08,786 - logger.py - getLog - INFO - code:yyds
2022-06-03 20:16:08,786 - logger.py - getLog - INFO - Actual:密码不能为空!
2022-06-03 20:16:08,787 - logger.py - getLog - INFO - Expected:密码不能为空!
2022-06-03 20:16:08,787 - logger.py - getLog - INFO - Element:None
2022-06-03 20:16:08,788 - logger.py - getLog - INFO - -----------------------------------分割线-------------------------------------------
2022-06-03 20:16:09,138 - logger.py - getLog - INFO - username:13026574581
2022-06-03 20:16:09,138 - logger.py - getLog - INFO - password:qwert12345
2022-06-03 20:16:09,138 - logger.py - getLog - INFO - code:
2022-06-03 20:16:09,138 - logger.py - getLog - INFO - Actual:验证码不能为空!
2022-06-03 20:16:09,138 - logger.py - getLog - INFO - Expected:验证码不能为空!
2022-06-03 20:16:09,138 - logger.py - getLog - INFO - Element:None
2022-06-03 20:16:09,138 - logger.py - getLog - INFO - -----------------------------------分割线-------------------------------------------
2022-06-03 20:16:10,356 - logger.py - getLog - INFO - username:13026574581
2022-06-03 20:16:10,356 - logger.py - getLog - INFO - password:qwert12345
2022-06-03 20:16:10,356 - logger.py - getLog - INFO - code:yyds
2022-06-03 20:16:10,356 - logger.py - getLog - INFO - Actual:陶渊明独爱菊
2022-06-03 20:16:10,356 - logger.py - getLog - INFO - Expected:陶渊明独爱菊
2022-06-03 20:16:10,356 - logger.py - getLog - INFO - Element:None
2022-06-03 20:16:10,363 - logger.py - getLog - INFO - -----------------------------------分割线-------------------------------------------
