2022-06-03 21:13:56,262 - logger.py - getLog - INFO - username:13026574123
2022-06-03 21:13:56,262 - logger.py - getLog - INFO - password:qwert12345
2022-06-03 21:13:56,266 - logger.py - getLog - INFO - code:yyds
2022-06-03 21:13:56,266 - logger.py - getLog - INFO - Actual:账号不存在!
2022-06-03 21:13:56,267 - logger.py - getLog - INFO - Expected:账号不存在!
2022-06-03 21:13:56,267 - logger.py - getLog - INFO - Element:None
2022-06-03 21:13:56,268 - logger.py - getLog - INFO - -----------------------------------分割线-------------------------------------------
2022-06-03 21:13:56,650 - logger.py - getLog - INFO - username:
2022-06-03 21:13:56,650 - logger.py - getLog - INFO - password:qwert12345
2022-06-03 21:13:56,654 - logger.py - getLog - INFO - code:yyds
2022-06-03 21:13:56,654 - logger.py - getLog - INFO - Actual:用户名不能为空!
2022-06-03 21:13:56,654 - logger.py - getLog - INFO - Expected:用户名不能为空!
2022-06-03 21:13:56,654 - logger.py - getLog - INFO - Element:None
2022-06-03 21:13:56,654 - logger.py - getLog - INFO - -----------------------------------分割线-------------------------------------------
2022-06-03 21:13:57,029 - logger.py - getLog - INFO - username:13026574581123
2022-06-03 21:13:57,030 - logger.py - getLog - INFO - password:qwert12345
2022-06-03 21:13:57,030 - logger.py - getLog - INFO - code:yyds
2022-06-03 21:13:57,030 - logger.py - getLog - INFO - Actual:账号格式不匹配!
2022-06-03 21:13:57,031 - logger.py - getLog - INFO - Expected:账号格式不匹配!
2022-06-03 21:13:57,031 - logger.py - getLog - INFO - Element:None
2022-06-03 21:13:57,031 - logger.py - getLog - INFO - -----------------------------------分割线-------------------------------------------
2022-06-03 21:13:57,491 - logger.py - getLog - INFO - username:13026574581
2022-06-03 21:13:57,491 - logger.py - getLog - INFO - password:qwert14534
2022-06-03 21:13:57,491 - logger.py - getLog - INFO - code:yyds
2022-06-03 21:13:57,491 - logger.py - getLog - INFO - Actual:密码错误!
2022-06-03 21:13:57,491 - logger.py - getLog - INFO - Expected:密码错误!
2022-06-03 21:13:57,491 - logger.py - getLog - INFO - Element:None
2022-06-03 21:13:57,491 - logger.py - getLog - INFO - -----------------------------------分割线-------------------------------------------
2022-06-03 21:13:57,842 - logger.py - getLog - INFO - username:13026574581
2022-06-03 21:13:57,842 - logger.py - getLog - INFO - password:
2022-06-03 21:13:57,842 - logger.py - getLog - INFO - code:yyds
2022-06-03 21:13:57,842 - logger.py - getLog - INFO - Actual:密码不能为空!
2022-06-03 21:13:57,842 - logger.py - getLog - INFO - Expected:密码不能为空!
2022-06-03 21:13:57,842 - logger.py - getLog - INFO - Element:None
2022-06-03 21:13:57,842 - logger.py - getLog - INFO - -----------------------------------分割线-------------------------------------------
2022-06-03 21:13:58,182 - logger.py - getLog - INFO - username:13026574581
2022-06-03 21:13:58,182 - logger.py - getLog - INFO - password:qwert12345
2022-06-03 21:13:58,182 - logger.py - getLog - INFO - code:
2022-06-03 21:13:58,182 - logger.py - getLog - INFO - Actual:验证码不能为空!
2022-06-03 21:13:58,182 - logger.py - getLog - INFO - Expected:验证码不能为空!
2022-06-03 21:13:58,182 - logger.py - getLog - INFO - Element:None
2022-06-03 21:13:58,182 - logger.py - getLog - INFO - -----------------------------------分割线-------------------------------------------
2022-06-03 21:14:00,824 - logger.py - getLog - INFO - username:13026574581
2022-06-03 21:14:00,824 - logger.py - getLog - INFO - password:qwert12345
2022-06-03 21:14:00,840 - logger.py - getLog - INFO - code:yyds
2022-06-03 21:14:00,840 - logger.py - getLog - INFO - Actual:陶渊明独爱菊
2022-06-03 21:14:00,840 - logger.py - getLog - INFO - Expected:陶渊明独爱菊
2022-06-03 21:14:00,841 - logger.py - getLog - INFO - Element:None
2022-06-03 21:14:00,841 - logger.py - getLog - INFO - -----------------------------------分割线-------------------------------------------
