2022-06-03 21:07:17,616 - logger.py - getLog - INFO - username:adminff
2022-06-03 21:07:17,616 - logger.py - getLog - INFO - password:qwert12345
2022-06-03 21:07:17,616 - logger.py - getLog - INFO - code:yyds
2022-06-03 21:07:17,616 - logger.py - getLog - INFO - Actual:账号密码不正确!
2022-06-03 21:07:17,616 - logger.py - getLog - INFO - Expected:账号密码不正确!
2022-06-03 21:07:17,616 - logger.py - getLog - INFO - Element:None
2022-06-03 21:07:17,616 - logger.py - getLog - INFO - -----------------------------------分割线-------------------------------------------
2022-06-03 21:07:17,967 - logger.py - getLog - INFO - username:
2022-06-03 21:07:17,967 - logger.py - getLog - INFO - password:qwert12345
2022-06-03 21:07:17,967 - logger.py - getLog - INFO - code:yyds
2022-06-03 21:07:17,967 - logger.py - getLog - INFO - Actual:用户名不能为空
2022-06-03 21:07:17,967 - logger.py - getLog - INFO - Expected:用户名不能为空
2022-06-03 21:07:17,967 - logger.py - getLog - INFO - Element:None
2022-06-03 21:07:17,975 - logger.py - getLog - INFO - -----------------------------------分割线-------------------------------------------
2022-06-03 21:07:18,335 - logger.py - getLog - INFO - username:admin
2022-06-03 21:07:18,335 - logger.py - getLog - INFO - password:qwert12345ff
2022-06-03 21:07:18,335 - logger.py - getLog - INFO - code:yyds
2022-06-03 21:07:18,335 - logger.py - getLog - INFO - Actual:账号密码不正确!
2022-06-03 21:07:18,335 - logger.py - getLog - INFO - Expected:账号密码不正确!
2022-06-03 21:07:18,335 - logger.py - getLog - INFO - Element:None
2022-06-03 21:07:18,335 - logger.py - getLog - INFO - -----------------------------------分割线-------------------------------------------
2022-06-03 21:07:18,631 - logger.py - getLog - INFO - username:admin
2022-06-03 21:07:18,632 - logger.py - getLog - INFO - password:
2022-06-03 21:07:18,632 - logger.py - getLog - INFO - code:yyds
2022-06-03 21:07:18,632 - logger.py - getLog - INFO - Actual:密码不能为空
2022-06-03 21:07:18,632 - logger.py - getLog - INFO - Expected:密码不能为空
2022-06-03 21:07:18,633 - logger.py - getLog - INFO - Element:None
2022-06-03 21:07:18,633 - logger.py - getLog - INFO - -----------------------------------分割线-------------------------------------------
2022-06-03 21:07:18,941 - logger.py - getLog - INFO - username:admin
2022-06-03 21:07:18,941 - logger.py - getLog - INFO - password:qwert12345
2022-06-03 21:07:18,941 - logger.py - getLog - INFO - code:
2022-06-03 21:07:18,941 - logger.py - getLog - INFO - Actual:验证码不能为空
2022-06-03 21:07:18,941 - logger.py - getLog - INFO - Expected:验证码不能为空
2022-06-03 21:07:18,941 - logger.py - getLog - INFO - Element:None
2022-06-03 21:07:18,941 - logger.py - getLog - INFO - -----------------------------------分割线-------------------------------------------
2022-06-03 21:07:19,657 - logger.py - getLog - INFO - username:admin
2022-06-03 21:07:19,657 - logger.py - getLog - INFO - password:qwert12345
2022-06-03 21:07:19,657 - logger.py - getLog - INFO - code:yyds
2022-06-03 21:07:19,657 - logger.py - getLog - INFO - Actual:admin
2022-06-03 21:07:19,657 - logger.py - getLog - INFO - Expected:admin
2022-06-03 21:07:19,657 - logger.py - getLog - INFO - Element:None
2022-06-03 21:07:19,657 - logger.py - getLog - INFO - -----------------------------------分割线-------------------------------------------
