2022-06-03 21:14:08,541 - logger.py - getLog - INFO - username:None
2022-06-03 21:14:08,541 - logger.py - getLog - INFO - password:None
2022-06-03 21:14:08,541 - logger.py - getLog - INFO - code:None
2022-06-03 21:14:08,541 - logger.py - getLog - INFO - Actual:你的购物车没有选中商品
2022-06-03 21:14:08,541 - logger.py - getLog - INFO - Expected:你的购物车没有选中商品
2022-06-03 21:14:08,541 - logger.py - getLog - INFO - Element:None
2022-06-03 21:14:08,541 - logger.py - getLog - INFO - -----------------------------------分割线-------------------------------------------
2022-06-03 21:14:15,278 - logger.py - getLog - INFO - username:None
2022-06-03 21:14:15,279 - logger.py - getLog - INFO - password:None
2022-06-03 21:14:15,280 - logger.py - getLog - INFO - code:None
2022-06-03 21:14:15,281 - logger.py - getLog - INFO - Actual:商品数量必须大于0
2022-06-03 21:14:15,282 - logger.py - getLog - INFO - Expected:商品数量必须大于0
2022-06-03 21:14:15,283 - logger.py - getLog - INFO - Element:None
2022-06-03 21:14:15,283 - logger.py - getLog - INFO - -----------------------------------分割线-------------------------------------------
2022-06-03 21:14:22,006 - logger.py - getLog - INFO - username:None
2022-06-03 21:14:22,006 - logger.py - getLog - INFO - password:None
2022-06-03 21:14:22,006 - logger.py - getLog - INFO - code:None
2022-06-03 21:14:22,006 - logger.py - getLog - INFO - Actual:TPshop 努比亚 nubia X 双面屏 蓝金梵高 星空典藏版 8GB+512GB 全网通 移动联通电信4G手机 双卡双待商品数量不能大于86
2022-06-03 21:14:22,014 - logger.py - getLog - INFO - Expected:TPshop 努比亚 nubia X 双面屏 蓝金梵高 星空典藏版 8GB+512GB 全网通 移动联通电信4G手机 双卡双待商品数量不能大于86
2022-06-03 21:14:22,014 - logger.py - getLog - INFO - Element:None
2022-06-03 21:14:22,014 - logger.py - getLog - INFO - -----------------------------------分割线-------------------------------------------
2022-06-03 21:14:29,732 - logger.py - getLog - INFO - username:None
2022-06-03 21:14:29,732 - logger.py - getLog - INFO - password:None
2022-06-03 21:14:29,733 - logger.py - getLog - INFO - code:None
2022-06-03 21:14:29,733 - logger.py - getLog - INFO - Actual:购买商品数量不能大于200
2022-06-03 21:14:29,734 - logger.py - getLog - INFO - Expected:购买商品数量不能大于200
2022-06-03 21:14:29,734 - logger.py - getLog - INFO - Element:None
2022-06-03 21:14:29,735 - logger.py - getLog - INFO - -----------------------------------分割线-------------------------------------------
2022-06-03 21:14:33,178 - logger.py - getLog - INFO - username:None
2022-06-03 21:14:33,178 - logger.py - getLog - INFO - password:None
2022-06-03 21:14:33,178 - logger.py - getLog - INFO - code:None
2022-06-03 21:14:33,178 - logger.py - getLog - INFO - Actual:2999
2022-06-03 21:14:33,178 - logger.py - getLog - INFO - Expected:2999
2022-06-03 21:14:33,178 - logger.py - getLog - INFO - Element:None
2022-06-03 21:14:33,178 - logger.py - getLog - INFO - -----------------------------------分割线-------------------------------------------
2022-06-03 21:14:35,657 - logger.py - getLog - INFO - username:None
2022-06-03 21:14:35,657 - logger.py - getLog - INFO - password:None
2022-06-03 21:14:35,657 - logger.py - getLog - INFO - code:None
2022-06-03 21:14:35,657 - logger.py - getLog - INFO - Actual:2789.07
2022-06-03 21:14:35,657 - logger.py - getLog - INFO - Expected:2789.07
2022-06-03 21:14:35,657 - logger.py - getLog - INFO - Element:None
2022-06-03 21:14:35,657 - logger.py - getLog - INFO - -----------------------------------分割线-------------------------------------------
2022-06-03 21:14:37,420 - logger.py - getLog - INFO - username:None
2022-06-03 21:14:37,421 - logger.py - getLog - INFO - password:None
2022-06-03 21:14:37,422 - logger.py - getLog - INFO - code:None
2022-06-03 21:14:37,423 - logger.py - getLog - INFO - Actual:购物车空空的哦~，去看看心仪的商品吧~
2022-06-03 21:14:37,424 - logger.py - getLog - INFO - Expected:购物车空空的哦~，去看看心仪的商品吧~
2022-06-03 21:14:37,425 - logger.py - getLog - INFO - Element:None
2022-06-03 21:14:37,426 - logger.py - getLog - INFO - -----------------------------------分割线-------------------------------------------
2022-06-03 21:14:39,075 - logger.py - getLog - INFO - username:None
2022-06-03 21:14:39,075 - logger.py - getLog - INFO - password:None
2022-06-03 21:14:39,075 - logger.py - getLog - INFO - code:None
2022-06-03 21:14:39,075 - logger.py - getLog - INFO - Actual:已添加至我的收藏
2022-06-03 21:14:39,075 - logger.py - getLog - INFO - Expected:已添加至我的收藏
2022-06-03 21:14:39,075 - logger.py - getLog - INFO - Element:None
2022-06-03 21:14:39,083 - logger.py - getLog - INFO - -----------------------------------分割线-------------------------------------------
2022-06-03 21:14:40,687 - logger.py - getLog - INFO - username:None
2022-06-03 21:14:40,688 - logger.py - getLog - INFO - password:None
2022-06-03 21:14:40,689 - logger.py - getLog - INFO - code:None
2022-06-03 21:14:40,691 - logger.py - getLog - INFO - Actual:购物车空空的哦~，去看看心仪的商品吧~
2022-06-03 21:14:40,692 - logger.py - getLog - INFO - Expected:购物车空空的哦~，去看看心仪的商品吧~
2022-06-03 21:14:40,693 - logger.py - getLog - INFO - Element:None
2022-06-03 21:14:40,694 - logger.py - getLog - INFO - -----------------------------------分割线-------------------------------------------
2022-06-03 21:14:42,216 - logger.py - getLog - INFO - username:None
2022-06-03 21:14:42,216 - logger.py - getLog - INFO - password:None
2022-06-03 21:14:42,216 - logger.py - getLog - INFO - code:None
2022-06-03 21:14:42,216 - logger.py - getLog - INFO - Actual:已添加至我的收藏
2022-06-03 21:14:42,224 - logger.py - getLog - INFO - Expected:已添加至我的收藏
2022-06-03 21:14:42,224 - logger.py - getLog - INFO - Element:None
2022-06-03 21:14:42,224 - logger.py - getLog - INFO - -----------------------------------分割线-------------------------------------------
2022-06-03 21:14:48,361 - logger.py - getLog - INFO - username:None
2022-06-03 21:14:48,362 - logger.py - getLog - INFO - password:None
2022-06-03 21:14:48,362 - logger.py - getLog - INFO - code:None
2022-06-03 21:14:48,362 - logger.py - getLog - INFO - Actual:订单信息
2022-06-03 21:14:48,364 - logger.py - getLog - INFO - Expected:订单信息
2022-06-03 21:14:48,364 - logger.py - getLog - INFO - Element:None
2022-06-03 21:14:48,364 - logger.py - getLog - INFO - -----------------------------------分割线-------------------------------------------
