2022-06-03 20:52:54,271 - logger.py - getLog - INFO - username:None
2022-06-03 20:52:54,271 - logger.py - getLog - INFO - password:None
2022-06-03 20:52:54,271 - logger.py - getLog - INFO - code:None
2022-06-03 20:52:54,271 - logger.py - getLog - INFO - Actual:2
2022-06-03 20:52:54,271 - logger.py - getLog - INFO - Expected:2
2022-06-03 20:52:54,271 - logger.py - getLog - INFO - Element:None
2022-06-03 20:52:54,271 - logger.py - getLog - INFO - -----------------------------------分割线-------------------------------------------
2022-06-03 20:52:57,089 - logger.py - getLog - INFO - username:None
2022-06-03 20:52:57,130 - logger.py - getLog - INFO - password:None
2022-06-03 20:52:57,130 - logger.py - getLog - INFO - code:None
2022-06-03 20:52:57,130 - logger.py - getLog - INFO - Actual:1
2022-06-03 20:52:57,130 - logger.py - getLog - INFO - Expected:1
2022-06-03 20:52:57,130 - logger.py - getLog - INFO - Element:None
2022-06-03 20:52:57,130 - logger.py - getLog - INFO - -----------------------------------分割线-------------------------------------------
2022-06-03 20:53:02,866 - logger.py - getLog - INFO - username:None
2022-06-03 20:53:02,866 - logger.py - getLog - INFO - password:None
2022-06-03 20:53:02,866 - logger.py - getLog - INFO - code:None
2022-06-03 20:53:02,866 - logger.py - getLog - INFO - Actual:86
2022-06-03 20:53:02,866 - logger.py - getLog - INFO - Expected:86
2022-06-03 20:53:02,866 - logger.py - getLog - INFO - Element:None
2022-06-03 20:53:02,866 - logger.py - getLog - INFO - -----------------------------------分割线-------------------------------------------
2022-06-03 20:53:04,570 - logger.py - getLog - INFO - username:None
2022-06-03 20:53:04,570 - logger.py - getLog - INFO - password:None
2022-06-03 20:53:04,570 - logger.py - getLog - INFO - code:None
2022-06-03 20:53:04,570 - logger.py - getLog - INFO - Actual:商品库存不足，剩余86
2022-06-03 20:53:04,570 - logger.py - getLog - INFO - Expected:商品库存不足，剩余86
2022-06-03 20:53:04,570 - logger.py - getLog - INFO - Element:None
2022-06-03 20:53:04,570 - logger.py - getLog - INFO - -----------------------------------分割线-------------------------------------------
2022-06-03 20:53:06,596 - logger.py - getLog - INFO - username:None
2022-06-03 20:53:06,596 - logger.py - getLog - INFO - password:None
2022-06-03 20:53:06,596 - logger.py - getLog - INFO - code:None
2022-06-03 20:53:06,604 - logger.py - getLog - INFO - Actual:TPshop 努比亚 nubia X 双面屏 蓝金梵高 星空典藏版 8GB+512GB 全网通 移动联通电信4G手机 双卡双待
2022-06-03 20:53:06,604 - logger.py - getLog - INFO - Expected:TPshop 努比亚 nubia X 双面屏 蓝金梵高 星空典藏版 8GB+512GB 全网通 移动联通电信4G手机 双卡双待
2022-06-03 20:53:06,604 - logger.py - getLog - INFO - Element:None
2022-06-03 20:53:06,604 - logger.py - getLog - INFO - -----------------------------------分割线-------------------------------------------
2022-06-03 20:53:10,801 - logger.py - getLog - INFO - username:13026574123
2022-06-03 20:53:10,801 - logger.py - getLog - INFO - password:qwert12345
2022-06-03 20:53:10,801 - logger.py - getLog - INFO - code:yyds
2022-06-03 20:53:10,801 - logger.py - getLog - INFO - Actual:账号不存在!
2022-06-03 20:53:10,801 - logger.py - getLog - INFO - Expected:账号不存在!
2022-06-03 20:53:10,801 - logger.py - getLog - INFO - Element:None
2022-06-03 20:53:10,809 - logger.py - getLog - INFO - -----------------------------------分割线-------------------------------------------
2022-06-03 20:53:29,185 - logger.py - getLog - INFO - username:None
2022-06-03 20:53:29,185 - logger.py - getLog - INFO - password:None
2022-06-03 20:53:29,185 - logger.py - getLog - INFO - code:None
2022-06-03 20:53:29,185 - logger.py - getLog - INFO - Actual:None
2022-06-03 20:53:29,185 - logger.py - getLog - INFO - Expected:None
2022-06-03 20:53:29,185 - logger.py - getLog - INFO - Element:查找元素失败
2022-06-03 20:53:29,185 - logger.py - getLog - INFO - -----------------------------------分割线-------------------------------------------
