2022-06-03 20:52:39,311 - logger.py - getLog - INFO - username:adminff
2022-06-03 20:52:39,311 - logger.py - getLog - INFO - password:qwert12345
2022-06-03 20:52:39,311 - logger.py - getLog - INFO - code:yyds
2022-06-03 20:52:39,311 - logger.py - getLog - INFO - Actual:账号密码不正确!
2022-06-03 20:52:39,311 - logger.py - getLog - INFO - Expected:账号密码不正确!
2022-06-03 20:52:39,311 - logger.py - getLog - INFO - Element:None
2022-06-03 20:52:39,311 - logger.py - getLog - INFO - -----------------------------------分割线-------------------------------------------
2022-06-03 20:52:39,635 - logger.py - getLog - INFO - username:
2022-06-03 20:52:39,635 - logger.py - getLog - INFO - password:qwert12345
2022-06-03 20:52:39,635 - logger.py - getLog - INFO - code:yyds
2022-06-03 20:52:39,635 - logger.py - getLog - INFO - Actual:用户名不能为空
2022-06-03 20:52:39,635 - logger.py - getLog - INFO - Expected:用户名不能为空
2022-06-03 20:52:39,635 - logger.py - getLog - INFO - Element:None
2022-06-03 20:52:39,635 - logger.py - getLog - INFO - -----------------------------------分割线-------------------------------------------
2022-06-03 20:52:40,008 - logger.py - getLog - INFO - username:admin
2022-06-03 20:52:40,008 - logger.py - getLog - INFO - password:qwert12345ff
2022-06-03 20:52:40,008 - logger.py - getLog - INFO - code:yyds
2022-06-03 20:52:40,008 - logger.py - getLog - INFO - Actual:账号密码不正确!
2022-06-03 20:52:40,009 - logger.py - getLog - INFO - Expected:账号密码不正确!
2022-06-03 20:52:40,009 - logger.py - getLog - INFO - Element:None
2022-06-03 20:52:40,009 - logger.py - getLog - INFO - -----------------------------------分割线-------------------------------------------
2022-06-03 20:52:40,323 - logger.py - getLog - INFO - username:admin
2022-06-03 20:52:40,323 - logger.py - getLog - INFO - password:
2022-06-03 20:52:40,323 - logger.py - getLog - INFO - code:yyds
2022-06-03 20:52:40,325 - logger.py - getLog - INFO - Actual:密码不能为空
2022-06-03 20:52:40,325 - logger.py - getLog - INFO - Expected:密码不能为空
2022-06-03 20:52:40,325 - logger.py - getLog - INFO - Element:None
2022-06-03 20:52:40,325 - logger.py - getLog - INFO - -----------------------------------分割线-------------------------------------------
2022-06-03 20:52:40,626 - logger.py - getLog - INFO - username:admin
2022-06-03 20:52:40,626 - logger.py - getLog - INFO - password:qwert12345
2022-06-03 20:52:40,626 - logger.py - getLog - INFO - code:
2022-06-03 20:52:40,626 - logger.py - getLog - INFO - Actual:验证码不能为空
2022-06-03 20:52:40,631 - logger.py - getLog - INFO - Expected:验证码不能为空
2022-06-03 20:52:40,631 - logger.py - getLog - INFO - Element:None
2022-06-03 20:52:40,631 - logger.py - getLog - INFO - -----------------------------------分割线-------------------------------------------
2022-06-03 20:52:41,285 - logger.py - getLog - INFO - username:admin
2022-06-03 20:52:41,285 - logger.py - getLog - INFO - password:qwert12345
2022-06-03 20:52:41,285 - logger.py - getLog - INFO - code:yyds
2022-06-03 20:52:41,285 - logger.py - getLog - INFO - Actual:admin
2022-06-03 20:52:41,285 - logger.py - getLog - INFO - Expected:admin
2022-06-03 20:52:41,285 - logger.py - getLog - INFO - Element:None
2022-06-03 20:52:41,285 - logger.py - getLog - INFO - -----------------------------------分割线-------------------------------------------
2022-06-03 20:52:54,271 - logger.py - getLog - INFO - username:None
2022-06-03 20:52:54,271 - logger.py - getLog - INFO - password:None
2022-06-03 20:52:54,271 - logger.py - getLog - INFO - code:None
2022-06-03 20:52:54,271 - logger.py - getLog - INFO - Actual:2
2022-06-03 20:52:54,271 - logger.py - getLog - INFO - Expected:2
2022-06-03 20:52:54,271 - logger.py - getLog - INFO - Element:None
2022-06-03 20:52:54,271 - logger.py - getLog - INFO - -----------------------------------分割线-------------------------------------------
2022-06-03 20:52:57,089 - logger.py - getLog - INFO - username:None
2022-06-03 20:52:57,130 - logger.py - getLog - INFO - password:None
2022-06-03 20:52:57,130 - logger.py - getLog - INFO - code:None
2022-06-03 20:52:57,130 - logger.py - getLog - INFO - Actual:1
2022-06-03 20:52:57,130 - logger.py - getLog - INFO - Expected:1
2022-06-03 20:52:57,130 - logger.py - getLog - INFO - Element:None
2022-06-03 20:52:57,130 - logger.py - getLog - INFO - -----------------------------------分割线-------------------------------------------
2022-06-03 20:53:02,866 - logger.py - getLog - INFO - username:None
2022-06-03 20:53:02,866 - logger.py - getLog - INFO - password:None
2022-06-03 20:53:02,866 - logger.py - getLog - INFO - code:None
2022-06-03 20:53:02,866 - logger.py - getLog - INFO - Actual:86
2022-06-03 20:53:02,866 - logger.py - getLog - INFO - Expected:86
2022-06-03 20:53:02,866 - logger.py - getLog - INFO - Element:None
2022-06-03 20:53:02,866 - logger.py - getLog - INFO - -----------------------------------分割线-------------------------------------------
2022-06-03 20:53:04,570 - logger.py - getLog - INFO - username:None
2022-06-03 20:53:04,570 - logger.py - getLog - INFO - password:None
2022-06-03 20:53:04,570 - logger.py - getLog - INFO - code:None
2022-06-03 20:53:04,570 - logger.py - getLog - INFO - Actual:商品库存不足，剩余86
2022-06-03 20:53:04,570 - logger.py - getLog - INFO - Expected:商品库存不足，剩余86
2022-06-03 20:53:04,570 - logger.py - getLog - INFO - Element:None
2022-06-03 20:53:04,570 - logger.py - getLog - INFO - -----------------------------------分割线-------------------------------------------
2022-06-03 20:53:06,596 - logger.py - getLog - INFO - username:None
2022-06-03 20:53:06,596 - logger.py - getLog - INFO - password:None
2022-06-03 20:53:06,596 - logger.py - getLog - INFO - code:None
2022-06-03 20:53:06,604 - logger.py - getLog - INFO - Actual:TPshop 努比亚 nubia X 双面屏 蓝金梵高 星空典藏版 8GB+512GB 全网通 移动联通电信4G手机 双卡双待
2022-06-03 20:53:06,604 - logger.py - getLog - INFO - Expected:TPshop 努比亚 nubia X 双面屏 蓝金梵高 星空典藏版 8GB+512GB 全网通 移动联通电信4G手机 双卡双待
2022-06-03 20:53:06,604 - logger.py - getLog - INFO - Element:None
2022-06-03 20:53:06,604 - logger.py - getLog - INFO - -----------------------------------分割线-------------------------------------------
2022-06-03 20:53:10,801 - logger.py - getLog - INFO - username:13026574123
2022-06-03 20:53:10,801 - logger.py - getLog - INFO - password:qwert12345
2022-06-03 20:53:10,801 - logger.py - getLog - INFO - code:yyds
2022-06-03 20:53:10,801 - logger.py - getLog - INFO - Actual:账号不存在!
2022-06-03 20:53:10,801 - logger.py - getLog - INFO - Expected:账号不存在!
2022-06-03 20:53:10,801 - logger.py - getLog - INFO - Element:None
2022-06-03 20:53:10,809 - logger.py - getLog - INFO - -----------------------------------分割线-------------------------------------------
2022-06-03 20:53:29,185 - logger.py - getLog - INFO - username:None
2022-06-03 20:53:29,185 - logger.py - getLog - INFO - password:None
2022-06-03 20:53:29,185 - logger.py - getLog - INFO - code:None
2022-06-03 20:53:29,185 - logger.py - getLog - INFO - Actual:None
2022-06-03 20:53:29,185 - logger.py - getLog - INFO - Expected:None
2022-06-03 20:53:29,185 - logger.py - getLog - INFO - Element:查找元素失败
2022-06-03 20:53:29,185 - logger.py - getLog - INFO - -----------------------------------分割线-------------------------------------------
