2022-06-03 21:07:35,848 - logger.py - getLog - INFO - username:None
2022-06-03 21:07:35,848 - logger.py - getLog - INFO - password:None
2022-06-03 21:07:35,848 - logger.py - getLog - INFO - code:None
2022-06-03 21:07:35,848 - logger.py - getLog - INFO - Actual:2
2022-06-03 21:07:35,848 - logger.py - getLog - INFO - Expected:2
2022-06-03 21:07:35,848 - logger.py - getLog - INFO - Element:None
2022-06-03 21:07:35,848 - logger.py - getLog - INFO - -----------------------------------分割线-------------------------------------------
2022-06-03 21:07:39,030 - logger.py - getLog - INFO - username:None
2022-06-03 21:07:39,069 - logger.py - getLog - INFO - password:None
2022-06-03 21:07:39,069 - logger.py - getLog - INFO - code:None
2022-06-03 21:07:39,069 - logger.py - getLog - INFO - Actual:1
2022-06-03 21:07:39,069 - logger.py - getLog - INFO - Expected:1
2022-06-03 21:07:39,069 - logger.py - getLog - INFO - Element:None
2022-06-03 21:07:39,069 - logger.py - getLog - INFO - -----------------------------------分割线-------------------------------------------
2022-06-03 21:07:43,416 - logger.py - getLog - INFO - username:None
2022-06-03 21:07:43,416 - logger.py - getLog - INFO - password:None
2022-06-03 21:07:43,416 - logger.py - getLog - INFO - code:None
2022-06-03 21:07:43,416 - logger.py - getLog - INFO - Actual:86
2022-06-03 21:07:43,416 - logger.py - getLog - INFO - Expected:86
2022-06-03 21:07:43,416 - logger.py - getLog - INFO - Element:None
2022-06-03 21:07:43,416 - logger.py - getLog - INFO - -----------------------------------分割线-------------------------------------------
2022-06-03 21:07:49,276 - logger.py - getLog - INFO - username:None
2022-06-03 21:07:49,276 - logger.py - getLog - INFO - password:None
2022-06-03 21:07:49,276 - logger.py - getLog - INFO - code:None
2022-06-03 21:07:49,276 - logger.py - getLog - INFO - Actual:商品库存不足，剩余86
2022-06-03 21:07:49,276 - logger.py - getLog - INFO - Expected:商品库存不足，剩余86
2022-06-03 21:07:49,276 - logger.py - getLog - INFO - Element:None
2022-06-03 21:07:49,276 - logger.py - getLog - INFO - -----------------------------------分割线-------------------------------------------
2022-06-03 21:07:51,261 - logger.py - getLog - INFO - username:None
2022-06-03 21:07:51,261 - logger.py - getLog - INFO - password:None
2022-06-03 21:07:51,261 - logger.py - getLog - INFO - code:None
2022-06-03 21:07:51,261 - logger.py - getLog - INFO - Actual:TPshop 努比亚 nubia X 双面屏 蓝金梵高 星空典藏版 8GB+512GB 全网通 移动联通电信4G手机 双卡双待
2022-06-03 21:07:51,261 - logger.py - getLog - INFO - Expected:TPshop 努比亚 nubia X 双面屏 蓝金梵高 星空典藏版 8GB+512GB 全网通 移动联通电信4G手机 双卡双待
2022-06-03 21:07:51,261 - logger.py - getLog - INFO - Element:None
2022-06-03 21:07:51,261 - logger.py - getLog - INFO - -----------------------------------分割线-------------------------------------------
