2022-06-03 20:52:39,311 - logger.py - getLog - INFO - username:adminff
2022-06-03 20:52:39,311 - logger.py - getLog - INFO - password:qwert12345
2022-06-03 20:52:39,311 - logger.py - getLog - INFO - code:yyds
2022-06-03 20:52:39,311 - logger.py - getLog - INFO - Actual:账号密码不正确!
2022-06-03 20:52:39,311 - logger.py - getLog - INFO - Expected:账号密码不正确!
2022-06-03 20:52:39,311 - logger.py - getLog - INFO - Element:None
2022-06-03 20:52:39,311 - logger.py - getLog - INFO - -----------------------------------分割线-------------------------------------------
2022-06-03 20:52:39,635 - logger.py - getLog - INFO - username:
2022-06-03 20:52:39,635 - logger.py - getLog - INFO - password:qwert12345
2022-06-03 20:52:39,635 - logger.py - getLog - INFO - code:yyds
2022-06-03 20:52:39,635 - logger.py - getLog - INFO - Actual:用户名不能为空
2022-06-03 20:52:39,635 - logger.py - getLog - INFO - Expected:用户名不能为空
2022-06-03 20:52:39,635 - logger.py - getLog - INFO - Element:None
2022-06-03 20:52:39,635 - logger.py - getLog - INFO - -----------------------------------分割线-------------------------------------------
2022-06-03 20:52:40,008 - logger.py - getLog - INFO - username:admin
2022-06-03 20:52:40,008 - logger.py - getLog - INFO - password:qwert12345ff
2022-06-03 20:52:40,008 - logger.py - getLog - INFO - code:yyds
2022-06-03 20:52:40,008 - logger.py - getLog - INFO - Actual:账号密码不正确!
2022-06-03 20:52:40,009 - logger.py - getLog - INFO - Expected:账号密码不正确!
2022-06-03 20:52:40,009 - logger.py - getLog - INFO - Element:None
2022-06-03 20:52:40,009 - logger.py - getLog - INFO - -----------------------------------分割线-------------------------------------------
2022-06-03 20:52:40,323 - logger.py - getLog - INFO - username:admin
2022-06-03 20:52:40,323 - logger.py - getLog - INFO - password:
2022-06-03 20:52:40,323 - logger.py - getLog - INFO - code:yyds
2022-06-03 20:52:40,325 - logger.py - getLog - INFO - Actual:密码不能为空
2022-06-03 20:52:40,325 - logger.py - getLog - INFO - Expected:密码不能为空
2022-06-03 20:52:40,325 - logger.py - getLog - INFO - Element:None
2022-06-03 20:52:40,325 - logger.py - getLog - INFO - -----------------------------------分割线-------------------------------------------
2022-06-03 20:52:40,626 - logger.py - getLog - INFO - username:admin
2022-06-03 20:52:40,626 - logger.py - getLog - INFO - password:qwert12345
2022-06-03 20:52:40,626 - logger.py - getLog - INFO - code:
2022-06-03 20:52:40,626 - logger.py - getLog - INFO - Actual:验证码不能为空
2022-06-03 20:52:40,631 - logger.py - getLog - INFO - Expected:验证码不能为空
2022-06-03 20:52:40,631 - logger.py - getLog - INFO - Element:None
2022-06-03 20:52:40,631 - logger.py - getLog - INFO - -----------------------------------分割线-------------------------------------------
2022-06-03 20:52:41,285 - logger.py - getLog - INFO - username:admin
2022-06-03 20:52:41,285 - logger.py - getLog - INFO - password:qwert12345
2022-06-03 20:52:41,285 - logger.py - getLog - INFO - code:yyds
2022-06-03 20:52:41,285 - logger.py - getLog - INFO - Actual:admin
2022-06-03 20:52:41,285 - logger.py - getLog - INFO - Expected:admin
2022-06-03 20:52:41,285 - logger.py - getLog - INFO - Element:None
2022-06-03 20:52:41,285 - logger.py - getLog - INFO - -----------------------------------分割线-------------------------------------------
