2022-06-03 20:15:40,388 - logger.py - getLog - INFO - username:adminff
2022-06-03 20:15:40,388 - logger.py - getLog - INFO - password:qwert12345
2022-06-03 20:15:40,388 - logger.py - getLog - INFO - code:yyds
2022-06-03 20:15:40,388 - logger.py - getLog - INFO - Actual:账号密码不正确!
2022-06-03 20:15:40,388 - logger.py - getLog - INFO - Expected:账号密码不正确!
2022-06-03 20:15:40,388 - logger.py - getLog - INFO - Element:None
2022-06-03 20:15:40,396 - logger.py - getLog - INFO - -----------------------------------分割线-------------------------------------------
2022-06-03 20:15:40,699 - logger.py - getLog - INFO - username:
2022-06-03 20:15:40,699 - logger.py - getLog - INFO - password:qwert12345
2022-06-03 20:15:40,699 - logger.py - getLog - INFO - code:yyds
2022-06-03 20:15:40,699 - logger.py - getLog - INFO - Actual:用户名不能为空
2022-06-03 20:15:40,699 - logger.py - getLog - INFO - Expected:用户名不能为空
2022-06-03 20:15:40,699 - logger.py - getLog - INFO - Element:None
2022-06-03 20:15:40,699 - logger.py - getLog - INFO - -----------------------------------分割线-------------------------------------------
2022-06-03 20:15:40,998 - logger.py - getLog - INFO - username:admin
2022-06-03 20:15:40,998 - logger.py - getLog - INFO - password:qwert12345ff
2022-06-03 20:15:40,998 - logger.py - getLog - INFO - code:yyds
2022-06-03 20:15:40,998 - logger.py - getLog - INFO - Actual:账号密码不正确!
2022-06-03 20:15:40,998 - logger.py - getLog - INFO - Expected:账号密码不正确!
2022-06-03 20:15:40,998 - logger.py - getLog - INFO - Element:None
2022-06-03 20:15:40,998 - logger.py - getLog - INFO - -----------------------------------分割线-------------------------------------------
2022-06-03 20:15:41,230 - logger.py - getLog - INFO - username:admin
2022-06-03 20:15:41,231 - logger.py - getLog - INFO - password:
2022-06-03 20:15:41,231 - logger.py - getLog - INFO - code:yyds
2022-06-03 20:15:41,231 - logger.py - getLog - INFO - Actual:密码不能为空
2022-06-03 20:15:41,231 - logger.py - getLog - INFO - Expected:密码不能为空
2022-06-03 20:15:41,231 - logger.py - getLog - INFO - Element:None
2022-06-03 20:15:41,232 - logger.py - getLog - INFO - -----------------------------------分割线-------------------------------------------
2022-06-03 20:15:41,464 - logger.py - getLog - INFO - username:admin
2022-06-03 20:15:41,464 - logger.py - getLog - INFO - password:qwert12345
2022-06-03 20:15:41,464 - logger.py - getLog - INFO - code:
2022-06-03 20:15:41,464 - logger.py - getLog - INFO - Actual:验证码不能为空
2022-06-03 20:15:41,464 - logger.py - getLog - INFO - Expected:验证码不能为空
2022-06-03 20:15:41,472 - logger.py - getLog - INFO - Element:None
2022-06-03 20:15:41,472 - logger.py - getLog - INFO - -----------------------------------分割线-------------------------------------------
2022-06-03 20:15:42,100 - logger.py - getLog - INFO - username:admin
2022-06-03 20:15:42,100 - logger.py - getLog - INFO - password:qwert12345
2022-06-03 20:15:42,101 - logger.py - getLog - INFO - code:yyds
2022-06-03 20:15:42,101 - logger.py - getLog - INFO - Actual:admin
2022-06-03 20:15:42,101 - logger.py - getLog - INFO - Expected:admin
2022-06-03 20:15:42,101 - logger.py - getLog - INFO - Element:None
2022-06-03 20:15:42,101 - logger.py - getLog - INFO - -----------------------------------分割线-------------------------------------------
