2022-06-03 20:16:17,993 - logger.py - getLog - INFO - username:None
2022-06-03 20:16:17,993 - logger.py - getLog - INFO - password:None
2022-06-03 20:16:17,993 - logger.py - getLog - INFO - code:None
2022-06-03 20:16:17,993 - logger.py - getLog - INFO - Actual:你的购物车没有选中商品
2022-06-03 20:16:17,993 - logger.py - getLog - INFO - Expected:你的购物车没有选中商品
2022-06-03 20:16:17,993 - logger.py - getLog - INFO - Element:None
2022-06-03 20:16:17,993 - logger.py - getLog - INFO - -----------------------------------分割线-------------------------------------------
2022-06-03 20:16:24,704 - logger.py - getLog - INFO - username:None
2022-06-03 20:16:24,706 - logger.py - getLog - INFO - password:None
2022-06-03 20:16:24,707 - logger.py - getLog - INFO - code:None
2022-06-03 20:16:24,708 - logger.py - getLog - INFO - Actual:商品数量必须大于0
2022-06-03 20:16:24,708 - logger.py - getLog - INFO - Expected:商品数量必须大于0
2022-06-03 20:16:24,710 - logger.py - getLog - INFO - Element:None
2022-06-03 20:16:24,711 - logger.py - getLog - INFO - -----------------------------------分割线-------------------------------------------
2022-06-03 20:16:31,473 - logger.py - getLog - INFO - username:None
2022-06-03 20:16:31,481 - logger.py - getLog - INFO - password:None
2022-06-03 20:16:31,481 - logger.py - getLog - INFO - code:None
2022-06-03 20:16:31,481 - logger.py - getLog - INFO - Actual:TPshop 努比亚 nubia X 双面屏 蓝金梵高 星空典藏版 8GB+512GB 全网通 移动联通电信4G手机 双卡双待商品数量不能大于86
2022-06-03 20:16:31,481 - logger.py - getLog - INFO - Expected:TPshop 努比亚 nubia X 双面屏 蓝金梵高 星空典藏版 8GB+512GB 全网通 移动联通电信4G手机 双卡双待商品数量不能大于86
2022-06-03 20:16:31,481 - logger.py - getLog - INFO - Element:None
2022-06-03 20:16:31,481 - logger.py - getLog - INFO - -----------------------------------分割线-------------------------------------------
2022-06-03 20:16:39,147 - logger.py - getLog - INFO - username:None
2022-06-03 20:16:39,155 - logger.py - getLog - INFO - password:None
2022-06-03 20:16:39,155 - logger.py - getLog - INFO - code:None
2022-06-03 20:16:39,156 - logger.py - getLog - INFO - Actual:购买商品数量不能大于200
2022-06-03 20:16:39,156 - logger.py - getLog - INFO - Expected:购买商品数量不能大于200
2022-06-03 20:16:39,156 - logger.py - getLog - INFO - Element:None
2022-06-03 20:16:39,156 - logger.py - getLog - INFO - -----------------------------------分割线-------------------------------------------
2022-06-03 20:16:42,550 - logger.py - getLog - INFO - username:None
2022-06-03 20:16:42,550 - logger.py - getLog - INFO - password:None
2022-06-03 20:16:42,550 - logger.py - getLog - INFO - code:None
2022-06-03 20:16:42,550 - logger.py - getLog - INFO - Actual:2999
2022-06-03 20:16:42,550 - logger.py - getLog - INFO - Expected:2999
2022-06-03 20:16:42,550 - logger.py - getLog - INFO - Element:None
2022-06-03 20:16:42,550 - logger.py - getLog - INFO - -----------------------------------分割线-------------------------------------------
2022-06-03 20:16:44,930 - logger.py - getLog - INFO - username:None
2022-06-03 20:16:44,931 - logger.py - getLog - INFO - password:None
2022-06-03 20:16:44,931 - logger.py - getLog - INFO - code:None
2022-06-03 20:16:44,931 - logger.py - getLog - INFO - Actual:2789.07
2022-06-03 20:16:44,931 - logger.py - getLog - INFO - Expected:2789.07
2022-06-03 20:16:44,931 - logger.py - getLog - INFO - Element:None
2022-06-03 20:16:44,931 - logger.py - getLog - INFO - -----------------------------------分割线-------------------------------------------
2022-06-03 20:16:46,583 - logger.py - getLog - INFO - username:None
2022-06-03 20:16:46,584 - logger.py - getLog - INFO - password:None
2022-06-03 20:16:46,584 - logger.py - getLog - INFO - code:None
2022-06-03 20:16:46,584 - logger.py - getLog - INFO - Actual:购物车空空的哦~，去看看心仪的商品吧~
2022-06-03 20:16:46,584 - logger.py - getLog - INFO - Expected:购物车空空的哦~，去看看心仪的商品吧~
2022-06-03 20:16:46,586 - logger.py - getLog - INFO - Element:None
2022-06-03 20:16:46,586 - logger.py - getLog - INFO - -----------------------------------分割线-------------------------------------------
2022-06-03 20:16:48,199 - logger.py - getLog - INFO - username:None
2022-06-03 20:16:48,199 - logger.py - getLog - INFO - password:None
2022-06-03 20:16:48,199 - logger.py - getLog - INFO - code:None
2022-06-03 20:16:48,199 - logger.py - getLog - INFO - Actual:已添加至我的收藏
2022-06-03 20:16:48,199 - logger.py - getLog - INFO - Expected:已添加至我的收藏
2022-06-03 20:16:48,199 - logger.py - getLog - INFO - Element:None
2022-06-03 20:16:48,199 - logger.py - getLog - INFO - -----------------------------------分割线-------------------------------------------
2022-06-03 20:16:49,803 - logger.py - getLog - INFO - username:None
2022-06-03 20:16:49,803 - logger.py - getLog - INFO - password:None
2022-06-03 20:16:49,803 - logger.py - getLog - INFO - code:None
2022-06-03 20:16:49,803 - logger.py - getLog - INFO - Actual:购物车空空的哦~，去看看心仪的商品吧~
2022-06-03 20:16:49,803 - logger.py - getLog - INFO - Expected:购物车空空的哦~，去看看心仪的商品吧~
2022-06-03 20:16:49,806 - logger.py - getLog - INFO - Element:None
2022-06-03 20:16:49,807 - logger.py - getLog - INFO - -----------------------------------分割线-------------------------------------------
2022-06-03 20:16:51,292 - logger.py - getLog - INFO - username:None
2022-06-03 20:16:51,292 - logger.py - getLog - INFO - password:None
2022-06-03 20:16:51,292 - logger.py - getLog - INFO - code:None
2022-06-03 20:16:51,292 - logger.py - getLog - INFO - Actual:已添加至我的收藏
2022-06-03 20:16:51,292 - logger.py - getLog - INFO - Expected:已添加至我的收藏
2022-06-03 20:16:51,292 - logger.py - getLog - INFO - Element:None
2022-06-03 20:16:51,292 - logger.py - getLog - INFO - -----------------------------------分割线-------------------------------------------
2022-06-03 20:16:58,336 - logger.py - getLog - INFO - username:None
2022-06-03 20:16:58,336 - logger.py - getLog - INFO - password:None
2022-06-03 20:16:58,336 - logger.py - getLog - INFO - code:None
2022-06-03 20:16:58,336 - logger.py - getLog - INFO - Actual:订单信息
2022-06-03 20:16:58,336 - logger.py - getLog - INFO - Expected:订单信息
2022-06-03 20:16:58,336 - logger.py - getLog - INFO - Element:None
2022-06-03 20:16:58,336 - logger.py - getLog - INFO - -----------------------------------分割线-------------------------------------------
