2022-06-03 21:07:17,616 - logger.py - getLog - INFO - username:adminff
2022-06-03 21:07:17,616 - logger.py - getLog - INFO - password:qwert12345
2022-06-03 21:07:17,616 - logger.py - getLog - INFO - code:yyds
2022-06-03 21:07:17,616 - logger.py - getLog - INFO - Actual:账号密码不正确!
2022-06-03 21:07:17,616 - logger.py - getLog - INFO - Expected:账号密码不正确!
2022-06-03 21:07:17,616 - logger.py - getLog - INFO - Element:None
2022-06-03 21:07:17,616 - logger.py - getLog - INFO - -----------------------------------分割线-------------------------------------------
2022-06-03 21:07:17,967 - logger.py - getLog - INFO - username:
2022-06-03 21:07:17,967 - logger.py - getLog - INFO - password:qwert12345
2022-06-03 21:07:17,967 - logger.py - getLog - INFO - code:yyds
2022-06-03 21:07:17,967 - logger.py - getLog - INFO - Actual:用户名不能为空
2022-06-03 21:07:17,967 - logger.py - getLog - INFO - Expected:用户名不能为空
2022-06-03 21:07:17,967 - logger.py - getLog - INFO - Element:None
2022-06-03 21:07:17,975 - logger.py - getLog - INFO - -----------------------------------分割线-------------------------------------------
2022-06-03 21:07:18,335 - logger.py - getLog - INFO - username:admin
2022-06-03 21:07:18,335 - logger.py - getLog - INFO - password:qwert12345ff
2022-06-03 21:07:18,335 - logger.py - getLog - INFO - code:yyds
2022-06-03 21:07:18,335 - logger.py - getLog - INFO - Actual:账号密码不正确!
2022-06-03 21:07:18,335 - logger.py - getLog - INFO - Expected:账号密码不正确!
2022-06-03 21:07:18,335 - logger.py - getLog - INFO - Element:None
2022-06-03 21:07:18,335 - logger.py - getLog - INFO - -----------------------------------分割线-------------------------------------------
2022-06-03 21:07:18,631 - logger.py - getLog - INFO - username:admin
2022-06-03 21:07:18,632 - logger.py - getLog - INFO - password:
2022-06-03 21:07:18,632 - logger.py - getLog - INFO - code:yyds
2022-06-03 21:07:18,632 - logger.py - getLog - INFO - Actual:密码不能为空
2022-06-03 21:07:18,632 - logger.py - getLog - INFO - Expected:密码不能为空
2022-06-03 21:07:18,633 - logger.py - getLog - INFO - Element:None
2022-06-03 21:07:18,633 - logger.py - getLog - INFO - -----------------------------------分割线-------------------------------------------
2022-06-03 21:07:18,941 - logger.py - getLog - INFO - username:admin
2022-06-03 21:07:18,941 - logger.py - getLog - INFO - password:qwert12345
2022-06-03 21:07:18,941 - logger.py - getLog - INFO - code:
2022-06-03 21:07:18,941 - logger.py - getLog - INFO - Actual:验证码不能为空
2022-06-03 21:07:18,941 - logger.py - getLog - INFO - Expected:验证码不能为空
2022-06-03 21:07:18,941 - logger.py - getLog - INFO - Element:None
2022-06-03 21:07:18,941 - logger.py - getLog - INFO - -----------------------------------分割线-------------------------------------------
2022-06-03 21:07:19,657 - logger.py - getLog - INFO - username:admin
2022-06-03 21:07:19,657 - logger.py - getLog - INFO - password:qwert12345
2022-06-03 21:07:19,657 - logger.py - getLog - INFO - code:yyds
2022-06-03 21:07:19,657 - logger.py - getLog - INFO - Actual:admin
2022-06-03 21:07:19,657 - logger.py - getLog - INFO - Expected:admin
2022-06-03 21:07:19,657 - logger.py - getLog - INFO - Element:None
2022-06-03 21:07:19,657 - logger.py - getLog - INFO - -----------------------------------分割线-------------------------------------------
2022-06-03 21:07:35,848 - logger.py - getLog - INFO - username:None
2022-06-03 21:07:35,848 - logger.py - getLog - INFO - password:None
2022-06-03 21:07:35,848 - logger.py - getLog - INFO - code:None
2022-06-03 21:07:35,848 - logger.py - getLog - INFO - Actual:2
2022-06-03 21:07:35,848 - logger.py - getLog - INFO - Expected:2
2022-06-03 21:07:35,848 - logger.py - getLog - INFO - Element:None
2022-06-03 21:07:35,848 - logger.py - getLog - INFO - -----------------------------------分割线-------------------------------------------
2022-06-03 21:07:39,030 - logger.py - getLog - INFO - username:None
2022-06-03 21:07:39,069 - logger.py - getLog - INFO - password:None
2022-06-03 21:07:39,069 - logger.py - getLog - INFO - code:None
2022-06-03 21:07:39,069 - logger.py - getLog - INFO - Actual:1
2022-06-03 21:07:39,069 - logger.py - getLog - INFO - Expected:1
2022-06-03 21:07:39,069 - logger.py - getLog - INFO - Element:None
2022-06-03 21:07:39,069 - logger.py - getLog - INFO - -----------------------------------分割线-------------------------------------------
2022-06-03 21:07:43,416 - logger.py - getLog - INFO - username:None
2022-06-03 21:07:43,416 - logger.py - getLog - INFO - password:None
2022-06-03 21:07:43,416 - logger.py - getLog - INFO - code:None
2022-06-03 21:07:43,416 - logger.py - getLog - INFO - Actual:86
2022-06-03 21:07:43,416 - logger.py - getLog - INFO - Expected:86
2022-06-03 21:07:43,416 - logger.py - getLog - INFO - Element:None
2022-06-03 21:07:43,416 - logger.py - getLog - INFO - -----------------------------------分割线-------------------------------------------
2022-06-03 21:07:49,276 - logger.py - getLog - INFO - username:None
2022-06-03 21:07:49,276 - logger.py - getLog - INFO - password:None
2022-06-03 21:07:49,276 - logger.py - getLog - INFO - code:None
2022-06-03 21:07:49,276 - logger.py - getLog - INFO - Actual:商品库存不足，剩余86
2022-06-03 21:07:49,276 - logger.py - getLog - INFO - Expected:商品库存不足，剩余86
2022-06-03 21:07:49,276 - logger.py - getLog - INFO - Element:None
2022-06-03 21:07:49,276 - logger.py - getLog - INFO - -----------------------------------分割线-------------------------------------------
2022-06-03 21:07:51,261 - logger.py - getLog - INFO - username:None
2022-06-03 21:07:51,261 - logger.py - getLog - INFO - password:None
2022-06-03 21:07:51,261 - logger.py - getLog - INFO - code:None
2022-06-03 21:07:51,261 - logger.py - getLog - INFO - Actual:TPshop 努比亚 nubia X 双面屏 蓝金梵高 星空典藏版 8GB+512GB 全网通 移动联通电信4G手机 双卡双待
2022-06-03 21:07:51,261 - logger.py - getLog - INFO - Expected:TPshop 努比亚 nubia X 双面屏 蓝金梵高 星空典藏版 8GB+512GB 全网通 移动联通电信4G手机 双卡双待
2022-06-03 21:07:51,261 - logger.py - getLog - INFO - Element:None
2022-06-03 21:07:51,261 - logger.py - getLog - INFO - -----------------------------------分割线-------------------------------------------
2022-06-03 21:07:55,549 - logger.py - getLog - INFO - username:13026574123
2022-06-03 21:07:55,561 - logger.py - getLog - INFO - password:qwert12345
2022-06-03 21:07:55,561 - logger.py - getLog - INFO - code:yyds
2022-06-03 21:07:55,561 - logger.py - getLog - INFO - Actual:账号不存在!
2022-06-03 21:07:55,562 - logger.py - getLog - INFO - Expected:账号不存在!
2022-06-03 21:07:55,562 - logger.py - getLog - INFO - Element:None
2022-06-03 21:07:55,562 - logger.py - getLog - INFO - -----------------------------------分割线-------------------------------------------
2022-06-03 21:07:55,951 - logger.py - getLog - INFO - username:
2022-06-03 21:07:55,959 - logger.py - getLog - INFO - password:qwert12345
2022-06-03 21:07:55,959 - logger.py - getLog - INFO - code:yyds
2022-06-03 21:07:55,959 - logger.py - getLog - INFO - Actual:用户名不能为空!
2022-06-03 21:07:55,959 - logger.py - getLog - INFO - Expected:用户名不能为空!
2022-06-03 21:07:55,959 - logger.py - getLog - INFO - Element:None
2022-06-03 21:07:55,959 - logger.py - getLog - INFO - -----------------------------------分割线-------------------------------------------
2022-06-03 21:07:56,348 - logger.py - getLog - INFO - username:13026574581123
2022-06-03 21:07:56,348 - logger.py - getLog - INFO - password:qwert12345
2022-06-03 21:07:56,348 - logger.py - getLog - INFO - code:yyds
2022-06-03 21:07:56,348 - logger.py - getLog - INFO - Actual:账号格式不匹配!
2022-06-03 21:07:56,348 - logger.py - getLog - INFO - Expected:账号格式不匹配!
2022-06-03 21:07:56,348 - logger.py - getLog - INFO - Element:None
2022-06-03 21:07:56,348 - logger.py - getLog - INFO - -----------------------------------分割线-------------------------------------------
2022-06-03 21:07:56,827 - logger.py - getLog - INFO - username:13026574581
2022-06-03 21:07:56,827 - logger.py - getLog - INFO - password:qwert14534
2022-06-03 21:07:56,828 - logger.py - getLog - INFO - code:yyds
2022-06-03 21:07:56,828 - logger.py - getLog - INFO - Actual:密码错误!
2022-06-03 21:07:56,829 - logger.py - getLog - INFO - Expected:密码错误!
2022-06-03 21:07:56,829 - logger.py - getLog - INFO - Element:None
2022-06-03 21:07:56,829 - logger.py - getLog - INFO - -----------------------------------分割线-------------------------------------------
2022-06-03 21:07:57,185 - logger.py - getLog - INFO - username:13026574581
2022-06-03 21:07:57,193 - logger.py - getLog - INFO - password:
2022-06-03 21:07:57,193 - logger.py - getLog - INFO - code:yyds
2022-06-03 21:07:57,193 - logger.py - getLog - INFO - Actual:密码不能为空!
2022-06-03 21:07:57,193 - logger.py - getLog - INFO - Expected:密码不能为空!
2022-06-03 21:07:57,193 - logger.py - getLog - INFO - Element:None
2022-06-03 21:07:57,193 - logger.py - getLog - INFO - -----------------------------------分割线-------------------------------------------
2022-06-03 21:07:57,542 - logger.py - getLog - INFO - username:13026574581
2022-06-03 21:07:57,542 - logger.py - getLog - INFO - password:qwert12345
2022-06-03 21:07:57,542 - logger.py - getLog - INFO - code:
2022-06-03 21:07:57,542 - logger.py - getLog - INFO - Actual:验证码不能为空!
2022-06-03 21:07:57,542 - logger.py - getLog - INFO - Expected:验证码不能为空!
2022-06-03 21:07:57,550 - logger.py - getLog - INFO - Element:None
2022-06-03 21:07:57,550 - logger.py - getLog - INFO - -----------------------------------分割线-------------------------------------------
2022-06-03 21:08:02,806 - logger.py - getLog - INFO - username:13026574581
2022-06-03 21:08:02,806 - logger.py - getLog - INFO - password:qwert12345
2022-06-03 21:08:02,806 - logger.py - getLog - INFO - code:yyds
2022-06-03 21:08:02,806 - logger.py - getLog - INFO - Actual:陶渊明独爱菊
2022-06-03 21:08:02,806 - logger.py - getLog - INFO - Expected:陶渊明独爱菊
2022-06-03 21:08:02,806 - logger.py - getLog - INFO - Element:None
2022-06-03 21:08:02,814 - logger.py - getLog - INFO - -----------------------------------分割线-------------------------------------------
2022-06-03 21:08:21,953 - logger.py - getLog - INFO - username:None
2022-06-03 21:08:21,954 - logger.py - getLog - INFO - password:None
2022-06-03 21:08:21,954 - logger.py - getLog - INFO - code:None
2022-06-03 21:08:21,954 - logger.py - getLog - INFO - Actual:None
2022-06-03 21:08:21,954 - logger.py - getLog - INFO - Expected:None
2022-06-03 21:08:21,954 - logger.py - getLog - INFO - Element:查找元素失败
2022-06-03 21:08:21,954 - logger.py - getLog - INFO - -----------------------------------分割线-------------------------------------------
2022-06-03 21:08:28,830 - logger.py - getLog - INFO - username:None
2022-06-03 21:08:28,832 - logger.py - getLog - INFO - password:None
2022-06-03 21:08:28,833 - logger.py - getLog - INFO - code:None
2022-06-03 21:08:28,834 - logger.py - getLog - INFO - Actual:商品数量必须大于0
2022-06-03 21:08:28,834 - logger.py - getLog - INFO - Expected:商品数量必须大于0
2022-06-03 21:08:28,835 - logger.py - getLog - INFO - Element:None
2022-06-03 21:08:28,835 - logger.py - getLog - INFO - -----------------------------------分割线-------------------------------------------
2022-06-03 21:08:35,700 - logger.py - getLog - INFO - username:None
2022-06-03 21:08:35,700 - logger.py - getLog - INFO - password:None
2022-06-03 21:08:35,700 - logger.py - getLog - INFO - code:None
2022-06-03 21:08:35,700 - logger.py - getLog - INFO - Actual:TPshop 努比亚 nubia X 双面屏 蓝金梵高 星空典藏版 8GB+512GB 全网通 移动联通电信4G手机 双卡双待商品数量不能大于86
2022-06-03 21:08:35,705 - logger.py - getLog - INFO - Expected:TPshop 努比亚 nubia X 双面屏 蓝金梵高 星空典藏版 8GB+512GB 全网通 移动联通电信4G手机 双卡双待商品数量不能大于86
2022-06-03 21:08:35,706 - logger.py - getLog - INFO - Element:None
2022-06-03 21:08:35,706 - logger.py - getLog - INFO - -----------------------------------分割线-------------------------------------------
2022-06-03 21:08:43,407 - logger.py - getLog - INFO - username:None
2022-06-03 21:08:43,407 - logger.py - getLog - INFO - password:None
2022-06-03 21:08:43,407 - logger.py - getLog - INFO - code:None
2022-06-03 21:08:43,407 - logger.py - getLog - INFO - Actual:购买商品数量不能大于200
2022-06-03 21:08:43,407 - logger.py - getLog - INFO - Expected:购买商品数量不能大于200
2022-06-03 21:08:43,407 - logger.py - getLog - INFO - Element:None
2022-06-03 21:08:43,407 - logger.py - getLog - INFO - -----------------------------------分割线-------------------------------------------
2022-06-03 21:08:46,901 - logger.py - getLog - INFO - username:None
2022-06-03 21:08:46,901 - logger.py - getLog - INFO - password:None
2022-06-03 21:08:46,901 - logger.py - getLog - INFO - code:None
2022-06-03 21:08:46,908 - logger.py - getLog - INFO - Actual:2999
2022-06-03 21:08:46,909 - logger.py - getLog - INFO - Expected:2999
2022-06-03 21:08:46,909 - logger.py - getLog - INFO - Element:None
2022-06-03 21:08:46,909 - logger.py - getLog - INFO - -----------------------------------分割线-------------------------------------------
2022-06-03 21:08:49,423 - logger.py - getLog - INFO - username:None
2022-06-03 21:08:49,423 - logger.py - getLog - INFO - password:None
2022-06-03 21:08:49,423 - logger.py - getLog - INFO - code:None
2022-06-03 21:08:49,423 - logger.py - getLog - INFO - Actual:2789.07
2022-06-03 21:08:49,423 - logger.py - getLog - INFO - Expected:2789.07
2022-06-03 21:08:49,423 - logger.py - getLog - INFO - Element:None
2022-06-03 21:08:49,423 - logger.py - getLog - INFO - -----------------------------------分割线-------------------------------------------
2022-06-03 21:08:51,074 - logger.py - getLog - INFO - username:None
2022-06-03 21:08:51,075 - logger.py - getLog - INFO - password:None
2022-06-03 21:08:51,076 - logger.py - getLog - INFO - code:None
2022-06-03 21:08:51,078 - logger.py - getLog - INFO - Actual:购物车空空的哦~，去看看心仪的商品吧~
2022-06-03 21:08:51,078 - logger.py - getLog - INFO - Expected:购物车空空的哦~，去看看心仪的商品吧~
2022-06-03 21:08:51,079 - logger.py - getLog - INFO - Element:None
2022-06-03 21:08:51,080 - logger.py - getLog - INFO - -----------------------------------分割线-------------------------------------------
2022-06-03 21:08:52,735 - logger.py - getLog - INFO - username:None
2022-06-03 21:08:52,735 - logger.py - getLog - INFO - password:None
2022-06-03 21:08:52,735 - logger.py - getLog - INFO - code:None
2022-06-03 21:08:52,735 - logger.py - getLog - INFO - Actual:已添加至我的收藏
2022-06-03 21:08:52,735 - logger.py - getLog - INFO - Expected:已添加至我的收藏
2022-06-03 21:08:52,735 - logger.py - getLog - INFO - Element:None
2022-06-03 21:08:52,735 - logger.py - getLog - INFO - -----------------------------------分割线-------------------------------------------
2022-06-03 21:08:54,306 - logger.py - getLog - INFO - username:None
2022-06-03 21:08:54,308 - logger.py - getLog - INFO - password:None
2022-06-03 21:08:54,310 - logger.py - getLog - INFO - code:None
2022-06-03 21:08:54,310 - logger.py - getLog - INFO - Actual:购物车空空的哦~，去看看心仪的商品吧~
2022-06-03 21:08:54,312 - logger.py - getLog - INFO - Expected:购物车空空的哦~，去看看心仪的商品吧~
2022-06-03 21:08:54,313 - logger.py - getLog - INFO - Element:None
2022-06-03 21:08:54,313 - logger.py - getLog - INFO - -----------------------------------分割线-------------------------------------------
2022-06-03 21:08:55,844 - logger.py - getLog - INFO - username:None
2022-06-03 21:08:55,844 - logger.py - getLog - INFO - password:None
2022-06-03 21:08:55,844 - logger.py - getLog - INFO - code:None
2022-06-03 21:08:55,844 - logger.py - getLog - INFO - Actual:已添加至我的收藏
2022-06-03 21:08:55,844 - logger.py - getLog - INFO - Expected:已添加至我的收藏
2022-06-03 21:08:55,844 - logger.py - getLog - INFO - Element:None
2022-06-03 21:08:55,844 - logger.py - getLog - INFO - -----------------------------------分割线-------------------------------------------
2022-06-03 21:09:00,128 - logger.py - getLog - INFO - username:None
2022-06-03 21:09:00,128 - logger.py - getLog - INFO - password:None
2022-06-03 21:09:00,136 - logger.py - getLog - INFO - code:None
2022-06-03 21:09:00,136 - logger.py - getLog - INFO - Actual:订单信息
2022-06-03 21:09:00,136 - logger.py - getLog - INFO - Expected:订单信息
2022-06-03 21:09:00,136 - logger.py - getLog - INFO - Element:None
2022-06-03 21:09:00,136 - logger.py - getLog - INFO - -----------------------------------分割线-------------------------------------------
