2022-06-03 20:16:07,138 - logger.py - getLog - INFO - username:13026574123
2022-06-03 20:16:07,138 - logger.py - getLog - INFO - password:qwert12345
2022-06-03 20:16:07,138 - logger.py - getLog - INFO - code:yyds
2022-06-03 20:16:07,138 - logger.py - getLog - INFO - Actual:账号不存在!
2022-06-03 20:16:07,138 - logger.py - getLog - INFO - Expected:账号不存在!
2022-06-03 20:16:07,138 - logger.py - getLog - INFO - Element:None
2022-06-03 20:16:07,138 - logger.py - getLog - INFO - -----------------------------------分割线-------------------------------------------
2022-06-03 20:16:07,565 - logger.py - getLog - INFO - username:
2022-06-03 20:16:07,579 - logger.py - getLog - INFO - password:qwert12345
2022-06-03 20:16:07,580 - logger.py - getLog - INFO - code:yyds
2022-06-03 20:16:07,581 - logger.py - getLog - INFO - Actual:用户名不能为空!
2022-06-03 20:16:07,581 - logger.py - getLog - INFO - Expected:用户名不能为空!
2022-06-03 20:16:07,582 - logger.py - getLog - INFO - Element:None
2022-06-03 20:16:07,582 - logger.py - getLog - INFO - -----------------------------------分割线-------------------------------------------
2022-06-03 20:16:07,943 - logger.py - getLog - INFO - username:13026574581123
2022-06-03 20:16:07,943 - logger.py - getLog - INFO - password:qwert12345
2022-06-03 20:16:07,943 - logger.py - getLog - INFO - code:yyds
2022-06-03 20:16:07,943 - logger.py - getLog - INFO - Actual:账号格式不匹配!
2022-06-03 20:16:07,943 - logger.py - getLog - INFO - Expected:账号格式不匹配!
2022-06-03 20:16:07,943 - logger.py - getLog - INFO - Element:None
2022-06-03 20:16:07,943 - logger.py - getLog - INFO - -----------------------------------分割线-------------------------------------------
2022-06-03 20:16:08,425 - logger.py - getLog - INFO - username:13026574581
2022-06-03 20:16:08,425 - logger.py - getLog - INFO - password:qwert14534
2022-06-03 20:16:08,425 - logger.py - getLog - INFO - code:yyds
2022-06-03 20:16:08,425 - logger.py - getLog - INFO - Actual:密码错误!
2022-06-03 20:16:08,425 - logger.py - getLog - INFO - Expected:密码错误!
2022-06-03 20:16:08,425 - logger.py - getLog - INFO - Element:None
2022-06-03 20:16:08,425 - logger.py - getLog - INFO - -----------------------------------分割线-------------------------------------------
2022-06-03 20:16:08,785 - logger.py - getLog - INFO - username:13026574581
2022-06-03 20:16:08,786 - logger.py - getLog - INFO - password:
2022-06-03 20:16:08,786 - logger.py - getLog - INFO - code:yyds
2022-06-03 20:16:08,786 - logger.py - getLog - INFO - Actual:密码不能为空!
2022-06-03 20:16:08,787 - logger.py - getLog - INFO - Expected:密码不能为空!
2022-06-03 20:16:08,787 - logger.py - getLog - INFO - Element:None
2022-06-03 20:16:08,788 - logger.py - getLog - INFO - -----------------------------------分割线-------------------------------------------
2022-06-03 20:16:09,138 - logger.py - getLog - INFO - username:13026574581
2022-06-03 20:16:09,138 - logger.py - getLog - INFO - password:qwert12345
2022-06-03 20:16:09,138 - logger.py - getLog - INFO - code:
2022-06-03 20:16:09,138 - logger.py - getLog - INFO - Actual:验证码不能为空!
2022-06-03 20:16:09,138 - logger.py - getLog - INFO - Expected:验证码不能为空!
2022-06-03 20:16:09,138 - logger.py - getLog - INFO - Element:None
2022-06-03 20:16:09,138 - logger.py - getLog - INFO - -----------------------------------分割线-------------------------------------------
2022-06-03 20:16:10,356 - logger.py - getLog - INFO - username:13026574581
2022-06-03 20:16:10,356 - logger.py - getLog - INFO - password:qwert12345
2022-06-03 20:16:10,356 - logger.py - getLog - INFO - code:yyds
2022-06-03 20:16:10,356 - logger.py - getLog - INFO - Actual:陶渊明独爱菊
2022-06-03 20:16:10,356 - logger.py - getLog - INFO - Expected:陶渊明独爱菊
2022-06-03 20:16:10,356 - logger.py - getLog - INFO - Element:None
2022-06-03 20:16:10,363 - logger.py - getLog - INFO - -----------------------------------分割线-------------------------------------------
2022-06-03 20:16:17,993 - logger.py - getLog - INFO - username:None
2022-06-03 20:16:17,993 - logger.py - getLog - INFO - password:None
2022-06-03 20:16:17,993 - logger.py - getLog - INFO - code:None
2022-06-03 20:16:17,993 - logger.py - getLog - INFO - Actual:你的购物车没有选中商品
2022-06-03 20:16:17,993 - logger.py - getLog - INFO - Expected:你的购物车没有选中商品
2022-06-03 20:16:17,993 - logger.py - getLog - INFO - Element:None
2022-06-03 20:16:17,993 - logger.py - getLog - INFO - -----------------------------------分割线-------------------------------------------
2022-06-03 20:16:24,704 - logger.py - getLog - INFO - username:None
2022-06-03 20:16:24,706 - logger.py - getLog - INFO - password:None
2022-06-03 20:16:24,707 - logger.py - getLog - INFO - code:None
2022-06-03 20:16:24,708 - logger.py - getLog - INFO - Actual:商品数量必须大于0
2022-06-03 20:16:24,708 - logger.py - getLog - INFO - Expected:商品数量必须大于0
2022-06-03 20:16:24,710 - logger.py - getLog - INFO - Element:None
2022-06-03 20:16:24,711 - logger.py - getLog - INFO - -----------------------------------分割线-------------------------------------------
2022-06-03 20:16:31,473 - logger.py - getLog - INFO - username:None
2022-06-03 20:16:31,481 - logger.py - getLog - INFO - password:None
2022-06-03 20:16:31,481 - logger.py - getLog - INFO - code:None
2022-06-03 20:16:31,481 - logger.py - getLog - INFO - Actual:TPshop 努比亚 nubia X 双面屏 蓝金梵高 星空典藏版 8GB+512GB 全网通 移动联通电信4G手机 双卡双待商品数量不能大于86
2022-06-03 20:16:31,481 - logger.py - getLog - INFO - Expected:TPshop 努比亚 nubia X 双面屏 蓝金梵高 星空典藏版 8GB+512GB 全网通 移动联通电信4G手机 双卡双待商品数量不能大于86
2022-06-03 20:16:31,481 - logger.py - getLog - INFO - Element:None
2022-06-03 20:16:31,481 - logger.py - getLog - INFO - -----------------------------------分割线-------------------------------------------
2022-06-03 20:16:39,147 - logger.py - getLog - INFO - username:None
2022-06-03 20:16:39,155 - logger.py - getLog - INFO - password:None
2022-06-03 20:16:39,155 - logger.py - getLog - INFO - code:None
2022-06-03 20:16:39,156 - logger.py - getLog - INFO - Actual:购买商品数量不能大于200
2022-06-03 20:16:39,156 - logger.py - getLog - INFO - Expected:购买商品数量不能大于200
2022-06-03 20:16:39,156 - logger.py - getLog - INFO - Element:None
2022-06-03 20:16:39,156 - logger.py - getLog - INFO - -----------------------------------分割线-------------------------------------------
2022-06-03 20:16:42,550 - logger.py - getLog - INFO - username:None
2022-06-03 20:16:42,550 - logger.py - getLog - INFO - password:None
2022-06-03 20:16:42,550 - logger.py - getLog - INFO - code:None
2022-06-03 20:16:42,550 - logger.py - getLog - INFO - Actual:2999
2022-06-03 20:16:42,550 - logger.py - getLog - INFO - Expected:2999
2022-06-03 20:16:42,550 - logger.py - getLog - INFO - Element:None
2022-06-03 20:16:42,550 - logger.py - getLog - INFO - -----------------------------------分割线-------------------------------------------
2022-06-03 20:16:44,930 - logger.py - getLog - INFO - username:None
2022-06-03 20:16:44,931 - logger.py - getLog - INFO - password:None
2022-06-03 20:16:44,931 - logger.py - getLog - INFO - code:None
2022-06-03 20:16:44,931 - logger.py - getLog - INFO - Actual:2789.07
2022-06-03 20:16:44,931 - logger.py - getLog - INFO - Expected:2789.07
2022-06-03 20:16:44,931 - logger.py - getLog - INFO - Element:None
2022-06-03 20:16:44,931 - logger.py - getLog - INFO - -----------------------------------分割线-------------------------------------------
2022-06-03 20:16:46,583 - logger.py - getLog - INFO - username:None
2022-06-03 20:16:46,584 - logger.py - getLog - INFO - password:None
2022-06-03 20:16:46,584 - logger.py - getLog - INFO - code:None
2022-06-03 20:16:46,584 - logger.py - getLog - INFO - Actual:购物车空空的哦~，去看看心仪的商品吧~
2022-06-03 20:16:46,584 - logger.py - getLog - INFO - Expected:购物车空空的哦~，去看看心仪的商品吧~
2022-06-03 20:16:46,586 - logger.py - getLog - INFO - Element:None
2022-06-03 20:16:46,586 - logger.py - getLog - INFO - -----------------------------------分割线-------------------------------------------
2022-06-03 20:16:48,199 - logger.py - getLog - INFO - username:None
2022-06-03 20:16:48,199 - logger.py - getLog - INFO - password:None
2022-06-03 20:16:48,199 - logger.py - getLog - INFO - code:None
2022-06-03 20:16:48,199 - logger.py - getLog - INFO - Actual:已添加至我的收藏
2022-06-03 20:16:48,199 - logger.py - getLog - INFO - Expected:已添加至我的收藏
2022-06-03 20:16:48,199 - logger.py - getLog - INFO - Element:None
2022-06-03 20:16:48,199 - logger.py - getLog - INFO - -----------------------------------分割线-------------------------------------------
2022-06-03 20:16:49,803 - logger.py - getLog - INFO - username:None
2022-06-03 20:16:49,803 - logger.py - getLog - INFO - password:None
2022-06-03 20:16:49,803 - logger.py - getLog - INFO - code:None
2022-06-03 20:16:49,803 - logger.py - getLog - INFO - Actual:购物车空空的哦~，去看看心仪的商品吧~
2022-06-03 20:16:49,803 - logger.py - getLog - INFO - Expected:购物车空空的哦~，去看看心仪的商品吧~
2022-06-03 20:16:49,806 - logger.py - getLog - INFO - Element:None
2022-06-03 20:16:49,807 - logger.py - getLog - INFO - -----------------------------------分割线-------------------------------------------
2022-06-03 20:16:51,292 - logger.py - getLog - INFO - username:None
2022-06-03 20:16:51,292 - logger.py - getLog - INFO - password:None
2022-06-03 20:16:51,292 - logger.py - getLog - INFO - code:None
2022-06-03 20:16:51,292 - logger.py - getLog - INFO - Actual:已添加至我的收藏
2022-06-03 20:16:51,292 - logger.py - getLog - INFO - Expected:已添加至我的收藏
2022-06-03 20:16:51,292 - logger.py - getLog - INFO - Element:None
2022-06-03 20:16:51,292 - logger.py - getLog - INFO - -----------------------------------分割线-------------------------------------------
2022-06-03 20:16:58,336 - logger.py - getLog - INFO - username:None
2022-06-03 20:16:58,336 - logger.py - getLog - INFO - password:None
2022-06-03 20:16:58,336 - logger.py - getLog - INFO - code:None
2022-06-03 20:16:58,336 - logger.py - getLog - INFO - Actual:订单信息
2022-06-03 20:16:58,336 - logger.py - getLog - INFO - Expected:订单信息
2022-06-03 20:16:58,336 - logger.py - getLog - INFO - Element:None
2022-06-03 20:16:58,336 - logger.py - getLog - INFO - -----------------------------------分割线-------------------------------------------
