2022-06-03 20:15:51,789 - logger.py - getLog - INFO - username:None
2022-06-03 20:15:51,789 - logger.py - getLog - INFO - password:None
2022-06-03 20:15:51,789 - logger.py - getLog - INFO - code:None
2022-06-03 20:15:51,789 - logger.py - getLog - INFO - Actual:2
2022-06-03 20:15:51,789 - logger.py - getLog - INFO - Expected:2
2022-06-03 20:15:51,789 - logger.py - getLog - INFO - Element:None
2022-06-03 20:15:51,789 - logger.py - getLog - INFO - -----------------------------------分割线-------------------------------------------
2022-06-03 20:15:54,750 - logger.py - getLog - INFO - username:None
2022-06-03 20:15:54,787 - logger.py - getLog - INFO - password:None
2022-06-03 20:15:54,787 - logger.py - getLog - INFO - code:None
2022-06-03 20:15:54,787 - logger.py - getLog - INFO - Actual:1
2022-06-03 20:15:54,787 - logger.py - getLog - INFO - Expected:1
2022-06-03 20:15:54,789 - logger.py - getLog - INFO - Element:None
2022-06-03 20:15:54,789 - logger.py - getLog - INFO - -----------------------------------分割线-------------------------------------------
2022-06-03 20:15:58,633 - logger.py - getLog - INFO - username:None
2022-06-03 20:15:58,633 - logger.py - getLog - INFO - password:None
2022-06-03 20:15:58,634 - logger.py - getLog - INFO - code:None
2022-06-03 20:15:58,634 - logger.py - getLog - INFO - Actual:86
2022-06-03 20:15:58,635 - logger.py - getLog - INFO - Expected:86
2022-06-03 20:15:58,635 - logger.py - getLog - INFO - Element:None
2022-06-03 20:15:58,636 - logger.py - getLog - INFO - -----------------------------------分割线-------------------------------------------
2022-06-03 20:16:00,722 - logger.py - getLog - INFO - username:None
2022-06-03 20:16:00,722 - logger.py - getLog - INFO - password:None
2022-06-03 20:16:00,722 - logger.py - getLog - INFO - code:None
2022-06-03 20:16:00,722 - logger.py - getLog - INFO - Actual:商品库存不足，剩余86
2022-06-03 20:16:00,722 - logger.py - getLog - INFO - Expected:商品库存不足，剩余86
2022-06-03 20:16:00,722 - logger.py - getLog - INFO - Element:None
2022-06-03 20:16:00,722 - logger.py - getLog - INFO - -----------------------------------分割线-------------------------------------------
2022-06-03 20:16:02,781 - logger.py - getLog - INFO - username:None
2022-06-03 20:16:02,781 - logger.py - getLog - INFO - password:None
2022-06-03 20:16:02,782 - logger.py - getLog - INFO - code:None
2022-06-03 20:16:02,783 - logger.py - getLog - INFO - Actual:TPshop 努比亚 nubia X 双面屏 蓝金梵高 星空典藏版 8GB+512GB 全网通 移动联通电信4G手机 双卡双待
2022-06-03 20:16:02,783 - logger.py - getLog - INFO - Expected:TPshop 努比亚 nubia X 双面屏 蓝金梵高 星空典藏版 8GB+512GB 全网通 移动联通电信4G手机 双卡双待
2022-06-03 20:16:02,784 - logger.py - getLog - INFO - Element:None
2022-06-03 20:16:02,785 - logger.py - getLog - INFO - -----------------------------------分割线-------------------------------------------
