2022-06-03 21:13:13,934 - logger.py - getLog - INFO - username:adminff
2022-06-03 21:13:13,934 - logger.py - getLog - INFO - password:qwert12345
2022-06-03 21:13:13,934 - logger.py - getLog - INFO - code:yyds
2022-06-03 21:13:13,934 - logger.py - getLog - INFO - Actual:账号密码不正确!
2022-06-03 21:13:13,934 - logger.py - getLog - INFO - Expected:账号密码不正确!
2022-06-03 21:13:13,934 - logger.py - getLog - INFO - Element:None
2022-06-03 21:13:13,934 - logger.py - getLog - INFO - -----------------------------------分割线-------------------------------------------
2022-06-03 21:13:14,272 - logger.py - getLog - INFO - username:
2022-06-03 21:13:14,272 - logger.py - getLog - INFO - password:qwert12345
2022-06-03 21:13:14,272 - logger.py - getLog - INFO - code:yyds
2022-06-03 21:13:14,272 - logger.py - getLog - INFO - Actual:用户名不能为空
2022-06-03 21:13:14,272 - logger.py - getLog - INFO - Expected:用户名不能为空
2022-06-03 21:13:14,272 - logger.py - getLog - INFO - Element:None
2022-06-03 21:13:14,272 - logger.py - getLog - INFO - -----------------------------------分割线-------------------------------------------
2022-06-03 21:13:15,394 - logger.py - getLog - INFO - username:admin
2022-06-03 21:13:15,394 - logger.py - getLog - INFO - password:qwert12345ff
2022-06-03 21:13:15,394 - logger.py - getLog - INFO - code:yyds
2022-06-03 21:13:15,394 - logger.py - getLog - INFO - Actual:账号密码不正确!
2022-06-03 21:13:15,394 - logger.py - getLog - INFO - Expected:账号密码不正确!
2022-06-03 21:13:15,394 - logger.py - getLog - INFO - Element:None
2022-06-03 21:13:15,394 - logger.py - getLog - INFO - -----------------------------------分割线-------------------------------------------
2022-06-03 21:13:15,722 - logger.py - getLog - INFO - username:admin
2022-06-03 21:13:15,722 - logger.py - getLog - INFO - password:
2022-06-03 21:13:15,722 - logger.py - getLog - INFO - code:yyds
2022-06-03 21:13:15,722 - logger.py - getLog - INFO - Actual:密码不能为空
2022-06-03 21:13:15,722 - logger.py - getLog - INFO - Expected:密码不能为空
2022-06-03 21:13:15,722 - logger.py - getLog - INFO - Element:None
2022-06-03 21:13:15,722 - logger.py - getLog - INFO - -----------------------------------分割线-------------------------------------------
2022-06-03 21:13:16,063 - logger.py - getLog - INFO - username:admin
2022-06-03 21:13:16,063 - logger.py - getLog - INFO - password:qwert12345
2022-06-03 21:13:16,063 - logger.py - getLog - INFO - code:
2022-06-03 21:13:16,063 - logger.py - getLog - INFO - Actual:验证码不能为空
2022-06-03 21:13:16,063 - logger.py - getLog - INFO - Expected:验证码不能为空
2022-06-03 21:13:16,063 - logger.py - getLog - INFO - Element:None
2022-06-03 21:13:16,063 - logger.py - getLog - INFO - -----------------------------------分割线-------------------------------------------
2022-06-03 21:13:16,761 - logger.py - getLog - INFO - username:admin
2022-06-03 21:13:16,761 - logger.py - getLog - INFO - password:qwert12345
2022-06-03 21:13:16,765 - logger.py - getLog - INFO - code:yyds
2022-06-03 21:13:16,765 - logger.py - getLog - INFO - Actual:admin
2022-06-03 21:13:16,765 - logger.py - getLog - INFO - Expected:admin
2022-06-03 21:13:16,765 - logger.py - getLog - INFO - Element:None
2022-06-03 21:13:16,765 - logger.py - getLog - INFO - -----------------------------------分割线-------------------------------------------
2022-06-03 21:13:27,130 - logger.py - getLog - INFO - username:None
2022-06-03 21:13:27,130 - logger.py - getLog - INFO - password:None
2022-06-03 21:13:27,130 - logger.py - getLog - INFO - code:None
2022-06-03 21:13:27,130 - logger.py - getLog - INFO - Actual:2
2022-06-03 21:13:27,130 - logger.py - getLog - INFO - Expected:2
2022-06-03 21:13:27,130 - logger.py - getLog - INFO - Element:None
2022-06-03 21:13:27,130 - logger.py - getLog - INFO - -----------------------------------分割线-------------------------------------------
2022-06-03 21:13:29,989 - logger.py - getLog - INFO - username:None
2022-06-03 21:13:29,989 - logger.py - getLog - INFO - password:None
2022-06-03 21:13:29,989 - logger.py - getLog - INFO - code:None
2022-06-03 21:13:29,989 - logger.py - getLog - INFO - Actual:1
2022-06-03 21:13:29,989 - logger.py - getLog - INFO - Expected:1
2022-06-03 21:13:29,989 - logger.py - getLog - INFO - Element:None
2022-06-03 21:13:29,989 - logger.py - getLog - INFO - -----------------------------------分割线-------------------------------------------
2022-06-03 21:13:34,101 - logger.py - getLog - INFO - username:None
2022-06-03 21:13:34,102 - logger.py - getLog - INFO - password:None
2022-06-03 21:13:34,102 - logger.py - getLog - INFO - code:None
2022-06-03 21:13:34,103 - logger.py - getLog - INFO - Actual:86
2022-06-03 21:13:34,103 - logger.py - getLog - INFO - Expected:86
2022-06-03 21:13:34,103 - logger.py - getLog - INFO - Element:None
2022-06-03 21:13:34,103 - logger.py - getLog - INFO - -----------------------------------分割线-------------------------------------------
2022-06-03 21:13:38,235 - logger.py - getLog - INFO - username:None
2022-06-03 21:13:38,235 - logger.py - getLog - INFO - password:None
2022-06-03 21:13:38,235 - logger.py - getLog - INFO - code:None
2022-06-03 21:13:38,235 - logger.py - getLog - INFO - Actual:None
2022-06-03 21:13:38,235 - logger.py - getLog - INFO - Expected:None
2022-06-03 21:13:38,235 - logger.py - getLog - INFO - Element:查找元素失败
2022-06-03 21:13:38,235 - logger.py - getLog - INFO - -----------------------------------分割线-------------------------------------------
2022-06-03 21:13:51,967 - logger.py - getLog - INFO - username:None
2022-06-03 21:13:51,968 - logger.py - getLog - INFO - password:None
2022-06-03 21:13:51,968 - logger.py - getLog - INFO - code:None
2022-06-03 21:13:51,969 - logger.py - getLog - INFO - Actual:TPshop 努比亚 nubia X 双面屏 蓝金梵高 星空典藏版 8GB+512GB 全网通 移动联通电信4G手机 双卡双待
2022-06-03 21:13:51,970 - logger.py - getLog - INFO - Expected:TPshop 努比亚 nubia X 双面屏 蓝金梵高 星空典藏版 8GB+512GB 全网通 移动联通电信4G手机 双卡双待
2022-06-03 21:13:51,970 - logger.py - getLog - INFO - Element:None
2022-06-03 21:13:51,971 - logger.py - getLog - INFO - -----------------------------------分割线-------------------------------------------
2022-06-03 21:13:56,262 - logger.py - getLog - INFO - username:13026574123
2022-06-03 21:13:56,262 - logger.py - getLog - INFO - password:qwert12345
2022-06-03 21:13:56,266 - logger.py - getLog - INFO - code:yyds
2022-06-03 21:13:56,266 - logger.py - getLog - INFO - Actual:账号不存在!
2022-06-03 21:13:56,267 - logger.py - getLog - INFO - Expected:账号不存在!
2022-06-03 21:13:56,267 - logger.py - getLog - INFO - Element:None
2022-06-03 21:13:56,268 - logger.py - getLog - INFO - -----------------------------------分割线-------------------------------------------
2022-06-03 21:13:56,650 - logger.py - getLog - INFO - username:
2022-06-03 21:13:56,650 - logger.py - getLog - INFO - password:qwert12345
2022-06-03 21:13:56,654 - logger.py - getLog - INFO - code:yyds
2022-06-03 21:13:56,654 - logger.py - getLog - INFO - Actual:用户名不能为空!
2022-06-03 21:13:56,654 - logger.py - getLog - INFO - Expected:用户名不能为空!
2022-06-03 21:13:56,654 - logger.py - getLog - INFO - Element:None
2022-06-03 21:13:56,654 - logger.py - getLog - INFO - -----------------------------------分割线-------------------------------------------
2022-06-03 21:13:57,029 - logger.py - getLog - INFO - username:13026574581123
2022-06-03 21:13:57,030 - logger.py - getLog - INFO - password:qwert12345
2022-06-03 21:13:57,030 - logger.py - getLog - INFO - code:yyds
2022-06-03 21:13:57,030 - logger.py - getLog - INFO - Actual:账号格式不匹配!
2022-06-03 21:13:57,031 - logger.py - getLog - INFO - Expected:账号格式不匹配!
2022-06-03 21:13:57,031 - logger.py - getLog - INFO - Element:None
2022-06-03 21:13:57,031 - logger.py - getLog - INFO - -----------------------------------分割线-------------------------------------------
2022-06-03 21:13:57,491 - logger.py - getLog - INFO - username:13026574581
2022-06-03 21:13:57,491 - logger.py - getLog - INFO - password:qwert14534
2022-06-03 21:13:57,491 - logger.py - getLog - INFO - code:yyds
2022-06-03 21:13:57,491 - logger.py - getLog - INFO - Actual:密码错误!
2022-06-03 21:13:57,491 - logger.py - getLog - INFO - Expected:密码错误!
2022-06-03 21:13:57,491 - logger.py - getLog - INFO - Element:None
2022-06-03 21:13:57,491 - logger.py - getLog - INFO - -----------------------------------分割线-------------------------------------------
2022-06-03 21:13:57,842 - logger.py - getLog - INFO - username:13026574581
2022-06-03 21:13:57,842 - logger.py - getLog - INFO - password:
2022-06-03 21:13:57,842 - logger.py - getLog - INFO - code:yyds
2022-06-03 21:13:57,842 - logger.py - getLog - INFO - Actual:密码不能为空!
2022-06-03 21:13:57,842 - logger.py - getLog - INFO - Expected:密码不能为空!
2022-06-03 21:13:57,842 - logger.py - getLog - INFO - Element:None
2022-06-03 21:13:57,842 - logger.py - getLog - INFO - -----------------------------------分割线-------------------------------------------
2022-06-03 21:13:58,182 - logger.py - getLog - INFO - username:13026574581
2022-06-03 21:13:58,182 - logger.py - getLog - INFO - password:qwert12345
2022-06-03 21:13:58,182 - logger.py - getLog - INFO - code:
2022-06-03 21:13:58,182 - logger.py - getLog - INFO - Actual:验证码不能为空!
2022-06-03 21:13:58,182 - logger.py - getLog - INFO - Expected:验证码不能为空!
2022-06-03 21:13:58,182 - logger.py - getLog - INFO - Element:None
2022-06-03 21:13:58,182 - logger.py - getLog - INFO - -----------------------------------分割线-------------------------------------------
2022-06-03 21:14:00,824 - logger.py - getLog - INFO - username:13026574581
2022-06-03 21:14:00,824 - logger.py - getLog - INFO - password:qwert12345
2022-06-03 21:14:00,840 - logger.py - getLog - INFO - code:yyds
2022-06-03 21:14:00,840 - logger.py - getLog - INFO - Actual:陶渊明独爱菊
2022-06-03 21:14:00,840 - logger.py - getLog - INFO - Expected:陶渊明独爱菊
2022-06-03 21:14:00,841 - logger.py - getLog - INFO - Element:None
2022-06-03 21:14:00,841 - logger.py - getLog - INFO - -----------------------------------分割线-------------------------------------------
2022-06-03 21:14:08,541 - logger.py - getLog - INFO - username:None
2022-06-03 21:14:08,541 - logger.py - getLog - INFO - password:None
2022-06-03 21:14:08,541 - logger.py - getLog - INFO - code:None
2022-06-03 21:14:08,541 - logger.py - getLog - INFO - Actual:你的购物车没有选中商品
2022-06-03 21:14:08,541 - logger.py - getLog - INFO - Expected:你的购物车没有选中商品
2022-06-03 21:14:08,541 - logger.py - getLog - INFO - Element:None
2022-06-03 21:14:08,541 - logger.py - getLog - INFO - -----------------------------------分割线-------------------------------------------
2022-06-03 21:14:15,278 - logger.py - getLog - INFO - username:None
2022-06-03 21:14:15,279 - logger.py - getLog - INFO - password:None
2022-06-03 21:14:15,280 - logger.py - getLog - INFO - code:None
2022-06-03 21:14:15,281 - logger.py - getLog - INFO - Actual:商品数量必须大于0
2022-06-03 21:14:15,282 - logger.py - getLog - INFO - Expected:商品数量必须大于0
2022-06-03 21:14:15,283 - logger.py - getLog - INFO - Element:None
2022-06-03 21:14:15,283 - logger.py - getLog - INFO - -----------------------------------分割线-------------------------------------------
2022-06-03 21:14:22,006 - logger.py - getLog - INFO - username:None
2022-06-03 21:14:22,006 - logger.py - getLog - INFO - password:None
2022-06-03 21:14:22,006 - logger.py - getLog - INFO - code:None
2022-06-03 21:14:22,006 - logger.py - getLog - INFO - Actual:TPshop 努比亚 nubia X 双面屏 蓝金梵高 星空典藏版 8GB+512GB 全网通 移动联通电信4G手机 双卡双待商品数量不能大于86
2022-06-03 21:14:22,014 - logger.py - getLog - INFO - Expected:TPshop 努比亚 nubia X 双面屏 蓝金梵高 星空典藏版 8GB+512GB 全网通 移动联通电信4G手机 双卡双待商品数量不能大于86
2022-06-03 21:14:22,014 - logger.py - getLog - INFO - Element:None
2022-06-03 21:14:22,014 - logger.py - getLog - INFO - -----------------------------------分割线-------------------------------------------
2022-06-03 21:14:29,732 - logger.py - getLog - INFO - username:None
2022-06-03 21:14:29,732 - logger.py - getLog - INFO - password:None
2022-06-03 21:14:29,733 - logger.py - getLog - INFO - code:None
2022-06-03 21:14:29,733 - logger.py - getLog - INFO - Actual:购买商品数量不能大于200
2022-06-03 21:14:29,734 - logger.py - getLog - INFO - Expected:购买商品数量不能大于200
2022-06-03 21:14:29,734 - logger.py - getLog - INFO - Element:None
2022-06-03 21:14:29,735 - logger.py - getLog - INFO - -----------------------------------分割线-------------------------------------------
2022-06-03 21:14:33,178 - logger.py - getLog - INFO - username:None
2022-06-03 21:14:33,178 - logger.py - getLog - INFO - password:None
2022-06-03 21:14:33,178 - logger.py - getLog - INFO - code:None
2022-06-03 21:14:33,178 - logger.py - getLog - INFO - Actual:2999
2022-06-03 21:14:33,178 - logger.py - getLog - INFO - Expected:2999
2022-06-03 21:14:33,178 - logger.py - getLog - INFO - Element:None
2022-06-03 21:14:33,178 - logger.py - getLog - INFO - -----------------------------------分割线-------------------------------------------
2022-06-03 21:14:35,657 - logger.py - getLog - INFO - username:None
2022-06-03 21:14:35,657 - logger.py - getLog - INFO - password:None
2022-06-03 21:14:35,657 - logger.py - getLog - INFO - code:None
2022-06-03 21:14:35,657 - logger.py - getLog - INFO - Actual:2789.07
2022-06-03 21:14:35,657 - logger.py - getLog - INFO - Expected:2789.07
2022-06-03 21:14:35,657 - logger.py - getLog - INFO - Element:None
2022-06-03 21:14:35,657 - logger.py - getLog - INFO - -----------------------------------分割线-------------------------------------------
2022-06-03 21:14:37,420 - logger.py - getLog - INFO - username:None
2022-06-03 21:14:37,421 - logger.py - getLog - INFO - password:None
2022-06-03 21:14:37,422 - logger.py - getLog - INFO - code:None
2022-06-03 21:14:37,423 - logger.py - getLog - INFO - Actual:购物车空空的哦~，去看看心仪的商品吧~
2022-06-03 21:14:37,424 - logger.py - getLog - INFO - Expected:购物车空空的哦~，去看看心仪的商品吧~
2022-06-03 21:14:37,425 - logger.py - getLog - INFO - Element:None
2022-06-03 21:14:37,426 - logger.py - getLog - INFO - -----------------------------------分割线-------------------------------------------
2022-06-03 21:14:39,075 - logger.py - getLog - INFO - username:None
2022-06-03 21:14:39,075 - logger.py - getLog - INFO - password:None
2022-06-03 21:14:39,075 - logger.py - getLog - INFO - code:None
2022-06-03 21:14:39,075 - logger.py - getLog - INFO - Actual:已添加至我的收藏
2022-06-03 21:14:39,075 - logger.py - getLog - INFO - Expected:已添加至我的收藏
2022-06-03 21:14:39,075 - logger.py - getLog - INFO - Element:None
2022-06-03 21:14:39,083 - logger.py - getLog - INFO - -----------------------------------分割线-------------------------------------------
2022-06-03 21:14:40,687 - logger.py - getLog - INFO - username:None
2022-06-03 21:14:40,688 - logger.py - getLog - INFO - password:None
2022-06-03 21:14:40,689 - logger.py - getLog - INFO - code:None
2022-06-03 21:14:40,691 - logger.py - getLog - INFO - Actual:购物车空空的哦~，去看看心仪的商品吧~
2022-06-03 21:14:40,692 - logger.py - getLog - INFO - Expected:购物车空空的哦~，去看看心仪的商品吧~
2022-06-03 21:14:40,693 - logger.py - getLog - INFO - Element:None
2022-06-03 21:14:40,694 - logger.py - getLog - INFO - -----------------------------------分割线-------------------------------------------
2022-06-03 21:14:42,216 - logger.py - getLog - INFO - username:None
2022-06-03 21:14:42,216 - logger.py - getLog - INFO - password:None
2022-06-03 21:14:42,216 - logger.py - getLog - INFO - code:None
2022-06-03 21:14:42,216 - logger.py - getLog - INFO - Actual:已添加至我的收藏
2022-06-03 21:14:42,224 - logger.py - getLog - INFO - Expected:已添加至我的收藏
2022-06-03 21:14:42,224 - logger.py - getLog - INFO - Element:None
2022-06-03 21:14:42,224 - logger.py - getLog - INFO - -----------------------------------分割线-------------------------------------------
2022-06-03 21:14:48,361 - logger.py - getLog - INFO - username:None
2022-06-03 21:14:48,362 - logger.py - getLog - INFO - password:None
2022-06-03 21:14:48,362 - logger.py - getLog - INFO - code:None
2022-06-03 21:14:48,362 - logger.py - getLog - INFO - Actual:订单信息
2022-06-03 21:14:48,364 - logger.py - getLog - INFO - Expected:订单信息
2022-06-03 21:14:48,364 - logger.py - getLog - INFO - Element:None
2022-06-03 21:14:48,364 - logger.py - getLog - INFO - -----------------------------------分割线-------------------------------------------
